10/04/2024 09:28:27 - WARNING - __main__ - Process rank: -1, device: cuda:0, n_gpu: 1distributed training: False, 16-bits training: False
10/04/2024 09:28:27 - INFO - __main__ - Training/evaluation parameters TrainingArguments(
_n_gpu=1,
adafactor=False,
adam_beta1=0.9,
adam_beta2=0.999,
adam_epsilon=1e-08,
dataloader_drop_last=False,
dataloader_num_workers=0,
dataloader_pin_memory=True,
ddp_find_unused_parameters=None,
debug=[],
deepspeed=None,
disable_tqdm=False,
do_eval=True,
do_predict=False,
do_train=True,
eval_accumulation_steps=None,
eval_steps=None,
evaluation_strategy=IntervalStrategy.EPOCH,
fp16=False,
fp16_backend=auto,
fp16_full_eval=False,
fp16_opt_level=O1,
gradient_accumulation_steps=1,
gradient_checkpointing=False,
greater_is_better=None,
group_by_length=False,
hub_model_id=None,
hub_strategy=HubStrategy.EVERY_SAVE,
hub_token=<HUB_TOKEN>,
ignore_data_skip=False,
label_names=None,
label_smoothing_factor=0.0,
learning_rate=0.009,
length_column_name=length,
load_best_model_at_end=False,
local_rank=-1,
log_level=-1,
log_level_replica=-1,
log_on_each_node=True,
logging_dir=checkpoints/copa-roberta/runs/Oct04_09-28-27_15701fb7b301,
logging_first_step=False,
logging_nan_inf_filter=True,
logging_steps=500,
logging_strategy=IntervalStrategy.STEPS,
lr_scheduler_type=SchedulerType.LINEAR,
max_grad_norm=1.0,
max_steps=-1,
metric_for_best_model=None,
mp_parameters=,
no_cuda=False,
num_train_epochs=120.0,
output_dir=checkpoints/copa-roberta/,
overwrite_output_dir=True,
past_index=-1,
per_device_eval_batch_size=8,
per_device_train_batch_size=16,
prediction_loss_only=False,
push_to_hub=False,
push_to_hub_model_id=None,
push_to_hub_organization=None,
push_to_hub_token=<PUSH_TO_HUB_TOKEN>,
remove_unused_columns=True,
report_to=[],
resume_from_checkpoint=None,
run_name=checkpoints/copa-roberta/,
save_on_each_node=False,
save_steps=500,
save_strategy=IntervalStrategy.NO,
save_total_limit=None,
seed=11,
sharded_ddp=[],
skip_memory_metrics=True,
tpu_metrics_debug=False,
tpu_num_cores=None,
use_legacy_prediction_loop=False,
warmup_ratio=0.0,
warmup_steps=0,
weight_decay=0.0,
xpu_backend=None,
)
Setting trainer...
10/04/2024 09:28:31 - INFO - datasets.info - Loading Dataset Infos from /root/.cache/huggingface/modules/datasets_modules/datasets/super_glue/d040c658e2ddef6934fdd97deb45c777b6ff50c524781ea434e7219b56a428a7
10/04/2024 09:28:31 - INFO - datasets.builder - Overwrite dataset info from restored data version.
10/04/2024 09:28:31 - INFO - datasets.info - Loading Dataset info from /root/.cache/huggingface/datasets/super_glue/copa/1.0.2/d040c658e2ddef6934fdd97deb45c777b6ff50c524781ea434e7219b56a428a7
10/04/2024 09:28:31 - WARNING - datasets.builder - Reusing dataset super_glue (/root/.cache/huggingface/datasets/super_glue/copa/1.0.2/d040c658e2ddef6934fdd97deb45c777b6ff50c524781ea434e7219b56a428a7)
10/04/2024 09:28:31 - INFO - datasets.info - Loading Dataset info from /root/.cache/huggingface/datasets/super_glue/copa/1.0.2/d040c658e2ddef6934fdd97deb45c777b6ff50c524781ea434e7219b56a428a7
10/04/2024 09:28:31 - WARNING - datasets.fingerprint - Parameter 'function'=<function SuperGlueDataset.preprocess_function at 0x7ce271da55e0> of the transform datasets.arrow_dataset.Dataset._map_single couldn't be hashed properly, a random hash was used instead. Make sure your transforms and parameters are serializable with pickle or dill for the dataset fingerprinting and caching to work. If you reuse this transform, the caching mechanism will consider it to be different from the previous calls and recompute everything. This warning is only showed once. Subsequent hashing failures won't be showed.
10/04/2024 09:28:31 - WARNING - datasets.arrow_dataset - Loading cached processed dataset at /root/.cache/huggingface/datasets/super_glue/copa/1.0.2/d040c658e2ddef6934fdd97deb45c777b6ff50c524781ea434e7219b56a428a7/cache-dda1494c73cf256d.arrow
10/04/2024 09:28:31 - INFO - datasets.fingerprint - Parameter 'function'=<function SuperGlueDataset.preprocess_function at 0x7ce271da5700> of the transform datasets.arrow_dataset.Dataset._map_single couldn't be hashed properly, a random hash was used instead.
10/04/2024 09:28:31 - WARNING - datasets.arrow_dataset - Loading cached processed dataset at /root/.cache/huggingface/datasets/super_glue/copa/1.0.2/d040c658e2ddef6934fdd97deb45c777b6ff50c524781ea434e7219b56a428a7/cache-db5b5fab8f4d3e27.arrow
10/04/2024 09:28:31 - INFO - datasets.fingerprint - Parameter 'function'=<function SuperGlueDataset.preprocess_function at 0x7ce271da55e0> of the transform datasets.arrow_dataset.Dataset._map_single couldn't be hashed properly, a random hash was used instead.
10/04/2024 09:28:31 - WARNING - datasets.arrow_dataset - Loading cached processed dataset at /root/.cache/huggingface/datasets/super_glue/copa/1.0.2/d040c658e2ddef6934fdd97deb45c777b6ff50c524781ea434e7219b56a428a7/cache-c7fde805ec99108d.arrow
10/04/2024 09:28:31 - INFO - tasks.superglue.get_trainer - Sample 238 of the training set: {'premise': 'A fistfight broke out in the hall of the school.', 'choice1': 'The principal suspended the students involved.', 'choice2': 'The principal called off classes for the day.', 'question': 'effect', 'idx': 238, 'label': 0, 'text_a': 'A fistfight broke out in the hall of the school. so', 'input_ids': [[0, 250, 19033, 16695, 2263, 66, 11, 5, 5179, 9, 5, 334, 4, 98, 2, 2, 133, 5402, 3456, 5, 521, 963, 4, 2, 1, 1, 1, 1, 1, 1, 1, 1, 1, 1, 1, 1, 1, 1, 1, 1, 1, 1, 1, 1, 1, 1, 1, 1, 1, 1, 1, 1, 1, 1, 1, 1, 1, 1, 1, 1, 1, 1, 1, 1, 1, 1, 1, 1, 1, 1, 1, 1, 1, 1, 1, 1, 1, 1, 1, 1, 1, 1, 1, 1, 1, 1, 1, 1, 1, 1, 1, 1, 1, 1, 1, 1, 1, 1, 1, 1, 1, 1, 1, 1, 1, 1, 1, 1, 1, 1, 1, 1, 1, 1, 1, 1, 1, 1, 1, 1, 1, 1, 1, 1, 1, 1, 1, 1], [0, 250, 19033, 16695, 2263, 66, 11, 5, 5179, 9, 5, 334, 4, 98, 2, 2, 133, 5402, 373, 160, 4050, 13, 5, 183, 4, 2, 1, 1, 1, 1, 1, 1, 1, 1, 1, 1, 1, 1, 1, 1, 1, 1, 1, 1, 1, 1, 1, 1, 1, 1, 1, 1, 1, 1, 1, 1, 1, 1, 1, 1, 1, 1, 1, 1, 1, 1, 1, 1, 1, 1, 1, 1, 1, 1, 1, 1, 1, 1, 1, 1, 1, 1, 1, 1, 1, 1, 1, 1, 1, 1, 1, 1, 1, 1, 1, 1, 1, 1, 1, 1, 1, 1, 1, 1, 1, 1, 1, 1, 1, 1, 1, 1, 1, 1, 1, 1, 1, 1, 1, 1, 1, 1, 1, 1, 1, 1, 1, 1]], 'attention_mask': [[1, 1, 1, 1, 1, 1, 1, 1, 1, 1, 1, 1, 1, 1, 1, 1, 1, 1, 1, 1, 1, 1, 1, 1, 0, 0, 0, 0, 0, 0, 0, 0, 0, 0, 0, 0, 0, 0, 0, 0, 0, 0, 0, 0, 0, 0, 0, 0, 0, 0, 0, 0, 0, 0, 0, 0, 0, 0, 0, 0, 0, 0, 0, 0, 0, 0, 0, 0, 0, 0, 0, 0, 0, 0, 0, 0, 0, 0, 0, 0, 0, 0, 0, 0, 0, 0, 0, 0, 0, 0, 0, 0, 0, 0, 0, 0, 0, 0, 0, 0, 0, 0, 0, 0, 0, 0, 0, 0, 0, 0, 0, 0, 0, 0, 0, 0, 0, 0, 0, 0, 0, 0, 0, 0, 0, 0, 0, 0], [1, 1, 1, 1, 1, 1, 1, 1, 1, 1, 1, 1, 1, 1, 1, 1, 1, 1, 1, 1, 1, 1, 1, 1, 1, 1, 0, 0, 0, 0, 0, 0, 0, 0, 0, 0, 0, 0, 0, 0, 0, 0, 0, 0, 0, 0, 0, 0, 0, 0, 0, 0, 0, 0, 0, 0, 0, 0, 0, 0, 0, 0, 0, 0, 0, 0, 0, 0, 0, 0, 0, 0, 0, 0, 0, 0, 0, 0, 0, 0, 0, 0, 0, 0, 0, 0, 0, 0, 0, 0, 0, 0, 0, 0, 0, 0, 0, 0, 0, 0, 0, 0, 0, 0, 0, 0, 0, 0, 0, 0, 0, 0, 0, 0, 0, 0, 0, 0, 0, 0, 0, 0, 0, 0, 0, 0, 0, 0]]}.
10/04/2024 09:28:31 - INFO - tasks.superglue.get_trainer - Sample 231 of the training set: {'premise': 'The woman visited her family.', 'choice1': 'She distrusted them.', 'choice2': 'She missed them.', 'question': 'cause', 'idx': 231, 'label': 1, 'text_a': 'The woman visited her family. because', 'input_ids': [[0, 133, 693, 3790, 69, 284, 4, 142, 2, 2, 2515, 7018, 338, 15876, 106, 4, 2, 1, 1, 1, 1, 1, 1, 1, 1, 1, 1, 1, 1, 1, 1, 1, 1, 1, 1, 1, 1, 1, 1, 1, 1, 1, 1, 1, 1, 1, 1, 1, 1, 1, 1, 1, 1, 1, 1, 1, 1, 1, 1, 1, 1, 1, 1, 1, 1, 1, 1, 1, 1, 1, 1, 1, 1, 1, 1, 1, 1, 1, 1, 1, 1, 1, 1, 1, 1, 1, 1, 1, 1, 1, 1, 1, 1, 1, 1, 1, 1, 1, 1, 1, 1, 1, 1, 1, 1, 1, 1, 1, 1, 1, 1, 1, 1, 1, 1, 1, 1, 1, 1, 1, 1, 1, 1, 1, 1, 1, 1, 1], [0, 133, 693, 3790, 69, 284, 4, 142, 2, 2, 2515, 2039, 106, 4, 2, 1, 1, 1, 1, 1, 1, 1, 1, 1, 1, 1, 1, 1, 1, 1, 1, 1, 1, 1, 1, 1, 1, 1, 1, 1, 1, 1, 1, 1, 1, 1, 1, 1, 1, 1, 1, 1, 1, 1, 1, 1, 1, 1, 1, 1, 1, 1, 1, 1, 1, 1, 1, 1, 1, 1, 1, 1, 1, 1, 1, 1, 1, 1, 1, 1, 1, 1, 1, 1, 1, 1, 1, 1, 1, 1, 1, 1, 1, 1, 1, 1, 1, 1, 1, 1, 1, 1, 1, 1, 1, 1, 1, 1, 1, 1, 1, 1, 1, 1, 1, 1, 1, 1, 1, 1, 1, 1, 1, 1, 1, 1, 1, 1]], 'attention_mask': [[1, 1, 1, 1, 1, 1, 1, 1, 1, 1, 1, 1, 1, 1, 1, 1, 1, 0, 0, 0, 0, 0, 0, 0, 0, 0, 0, 0, 0, 0, 0, 0, 0, 0, 0, 0, 0, 0, 0, 0, 0, 0, 0, 0, 0, 0, 0, 0, 0, 0, 0, 0, 0, 0, 0, 0, 0, 0, 0, 0, 0, 0, 0, 0, 0, 0, 0, 0, 0, 0, 0, 0, 0, 0, 0, 0, 0, 0, 0, 0, 0, 0, 0, 0, 0, 0, 0, 0, 0, 0, 0, 0, 0, 0, 0, 0, 0, 0, 0, 0, 0, 0, 0, 0, 0, 0, 0, 0, 0, 0, 0, 0, 0, 0, 0, 0, 0, 0, 0, 0, 0, 0, 0, 0, 0, 0, 0, 0], [1, 1, 1, 1, 1, 1, 1, 1, 1, 1, 1, 1, 1, 1, 1, 0, 0, 0, 0, 0, 0, 0, 0, 0, 0, 0, 0, 0, 0, 0, 0, 0, 0, 0, 0, 0, 0, 0, 0, 0, 0, 0, 0, 0, 0, 0, 0, 0, 0, 0, 0, 0, 0, 0, 0, 0, 0, 0, 0, 0, 0, 0, 0, 0, 0, 0, 0, 0, 0, 0, 0, 0, 0, 0, 0, 0, 0, 0, 0, 0, 0, 0, 0, 0, 0, 0, 0, 0, 0, 0, 0, 0, 0, 0, 0, 0, 0, 0, 0, 0, 0, 0, 0, 0, 0, 0, 0, 0, 0, 0, 0, 0, 0, 0, 0, 0, 0, 0, 0, 0, 0, 0, 0, 0, 0, 0, 0, 0]]}.
10/04/2024 09:28:31 - INFO - tasks.superglue.get_trainer - Sample 260 of the training set: {'premise': 'The police officer pulled over the celebrity.', 'choice1': 'The celebrity offered the officer a bribe.', 'choice2': 'The celebrity sued the police officer.', 'question': 'effect', 'idx': 260, 'label': 0, 'text_a': 'The police officer pulled over the celebrity. so', 'input_ids': [[0, 133, 249, 1036, 2468, 81, 5, 6794, 4, 98, 2, 2, 133, 6794, 1661, 5, 1036, 10, 25677, 4, 2, 1, 1, 1, 1, 1, 1, 1, 1, 1, 1, 1, 1, 1, 1, 1, 1, 1, 1, 1, 1, 1, 1, 1, 1, 1, 1, 1, 1, 1, 1, 1, 1, 1, 1, 1, 1, 1, 1, 1, 1, 1, 1, 1, 1, 1, 1, 1, 1, 1, 1, 1, 1, 1, 1, 1, 1, 1, 1, 1, 1, 1, 1, 1, 1, 1, 1, 1, 1, 1, 1, 1, 1, 1, 1, 1, 1, 1, 1, 1, 1, 1, 1, 1, 1, 1, 1, 1, 1, 1, 1, 1, 1, 1, 1, 1, 1, 1, 1, 1, 1, 1, 1, 1, 1, 1, 1, 1], [0, 133, 249, 1036, 2468, 81, 5, 6794, 4, 98, 2, 2, 133, 6794, 8124, 5, 249, 1036, 4, 2, 1, 1, 1, 1, 1, 1, 1, 1, 1, 1, 1, 1, 1, 1, 1, 1, 1, 1, 1, 1, 1, 1, 1, 1, 1, 1, 1, 1, 1, 1, 1, 1, 1, 1, 1, 1, 1, 1, 1, 1, 1, 1, 1, 1, 1, 1, 1, 1, 1, 1, 1, 1, 1, 1, 1, 1, 1, 1, 1, 1, 1, 1, 1, 1, 1, 1, 1, 1, 1, 1, 1, 1, 1, 1, 1, 1, 1, 1, 1, 1, 1, 1, 1, 1, 1, 1, 1, 1, 1, 1, 1, 1, 1, 1, 1, 1, 1, 1, 1, 1, 1, 1, 1, 1, 1, 1, 1, 1]], 'attention_mask': [[1, 1, 1, 1, 1, 1, 1, 1, 1, 1, 1, 1, 1, 1, 1, 1, 1, 1, 1, 1, 1, 0, 0, 0, 0, 0, 0, 0, 0, 0, 0, 0, 0, 0, 0, 0, 0, 0, 0, 0, 0, 0, 0, 0, 0, 0, 0, 0, 0, 0, 0, 0, 0, 0, 0, 0, 0, 0, 0, 0, 0, 0, 0, 0, 0, 0, 0, 0, 0, 0, 0, 0, 0, 0, 0, 0, 0, 0, 0, 0, 0, 0, 0, 0, 0, 0, 0, 0, 0, 0, 0, 0, 0, 0, 0, 0, 0, 0, 0, 0, 0, 0, 0, 0, 0, 0, 0, 0, 0, 0, 0, 0, 0, 0, 0, 0, 0, 0, 0, 0, 0, 0, 0, 0, 0, 0, 0, 0], [1, 1, 1, 1, 1, 1, 1, 1, 1, 1, 1, 1, 1, 1, 1, 1, 1, 1, 1, 1, 0, 0, 0, 0, 0, 0, 0, 0, 0, 0, 0, 0, 0, 0, 0, 0, 0, 0, 0, 0, 0, 0, 0, 0, 0, 0, 0, 0, 0, 0, 0, 0, 0, 0, 0, 0, 0, 0, 0, 0, 0, 0, 0, 0, 0, 0, 0, 0, 0, 0, 0, 0, 0, 0, 0, 0, 0, 0, 0, 0, 0, 0, 0, 0, 0, 0, 0, 0, 0, 0, 0, 0, 0, 0, 0, 0, 0, 0, 0, 0, 0, 0, 0, 0, 0, 0, 0, 0, 0, 0, 0, 0, 0, 0, 0, 0, 0, 0, 0, 0, 0, 0, 0, 0, 0, 0, 0, 0]]}.
total param is 394241
Trainer set successfully
Start training
10/04/2024 09:29:18 - INFO - datasets.metric - Removing /root/.cache/huggingface/metrics/super_glue/copa/default_experiment-1-0.arrow
{'eval_loss': 0.6904627084732056, 'eval_accuracy': 0.52, 'eval_runtime': 4.5667, 'eval_samples_per_second': 21.898, 'eval_steps_per_second': 2.847, 'epoch': 1.0}
10/04/2024 09:29:18 - INFO - training.trainer_base - ***** Epoch 0: Best results *****
10/04/2024 09:29:18 - INFO - training.trainer_base - best_epoch = 0
10/04/2024 09:29:18 - INFO - training.trainer_base - best_eval_accuracy = 0.52
OrderedDict([('best_epoch', 0), ('best_eval_accuracy', 0.52), ('epoch', 1.0)])
10/04/2024 09:30:00 - INFO - datasets.metric - Removing /root/.cache/huggingface/metrics/super_glue/copa/default_experiment-1-0.arrow
{'eval_loss': 0.6913326978683472, 'eval_accuracy': 0.56, 'eval_runtime': 5.0359, 'eval_samples_per_second': 19.858, 'eval_steps_per_second': 2.581, 'epoch': 2.0}
10/04/2024 09:30:00 - INFO - training.trainer_base - ***** Epoch 1: Best results *****
10/04/2024 09:30:00 - INFO - training.trainer_base - best_epoch = 1
10/04/2024 09:30:00 - INFO - training.trainer_base - best_eval_accuracy = 0.56
10/04/2024 09:30:00 - INFO - training.trainer_base - epoch = 1.0
OrderedDict([('best_epoch', 1), ('best_eval_accuracy', 0.56), ('epoch', 2.0)])
10/04/2024 09:30:42 - INFO - datasets.metric - Removing /root/.cache/huggingface/metrics/super_glue/copa/default_experiment-1-0.arrow
{'eval_loss': 0.6923934817314148, 'eval_accuracy': 0.52, 'eval_runtime': 4.8314, 'eval_samples_per_second': 20.698, 'eval_steps_per_second': 2.691, 'epoch': 3.0}
10/04/2024 09:30:42 - INFO - training.trainer_base - ***** Epoch 2: Best results *****
10/04/2024 09:30:42 - INFO - training.trainer_base - best_epoch = 1
10/04/2024 09:30:42 - INFO - training.trainer_base - best_eval_accuracy = 0.56
10/04/2024 09:30:42 - INFO - training.trainer_base - epoch = 2.0
OrderedDict([('best_epoch', 1), ('best_eval_accuracy', 0.56), ('epoch', 3.0)])
10/04/2024 09:31:25 - INFO - datasets.metric - Removing /root/.cache/huggingface/metrics/super_glue/copa/default_experiment-1-0.arrow
{'eval_loss': 0.6930660009384155, 'eval_accuracy': 0.52, 'eval_runtime': 4.9185, 'eval_samples_per_second': 20.331, 'eval_steps_per_second': 2.643, 'epoch': 4.0}
10/04/2024 09:31:25 - INFO - training.trainer_base - ***** Epoch 3: Best results *****
10/04/2024 09:31:25 - INFO - training.trainer_base - best_epoch = 1
10/04/2024 09:31:25 - INFO - training.trainer_base - best_eval_accuracy = 0.56
10/04/2024 09:31:25 - INFO - training.trainer_base - epoch = 3.0
OrderedDict([('best_epoch', 1), ('best_eval_accuracy', 0.56), ('epoch', 4.0)])
10/04/2024 09:32:07 - INFO - datasets.metric - Removing /root/.cache/huggingface/metrics/super_glue/copa/default_experiment-1-0.arrow
{'eval_loss': 0.6931819319725037, 'eval_accuracy': 0.51, 'eval_runtime': 4.8789, 'eval_samples_per_second': 20.496, 'eval_steps_per_second': 2.665, 'epoch': 5.0}
10/04/2024 09:32:07 - INFO - training.trainer_base - ***** Epoch 4: Best results *****
10/04/2024 09:32:07 - INFO - training.trainer_base - best_epoch = 1
10/04/2024 09:32:07 - INFO - training.trainer_base - best_eval_accuracy = 0.56
10/04/2024 09:32:07 - INFO - training.trainer_base - epoch = 4.0
OrderedDict([('best_epoch', 1), ('best_eval_accuracy', 0.56), ('epoch', 5.0)])
10/04/2024 09:32:50 - INFO - datasets.metric - Removing /root/.cache/huggingface/metrics/super_glue/copa/default_experiment-1-0.arrow
{'eval_loss': 0.6922568678855896, 'eval_accuracy': 0.51, 'eval_runtime': 4.9305, 'eval_samples_per_second': 20.282, 'eval_steps_per_second': 2.637, 'epoch': 6.0}
10/04/2024 09:32:50 - INFO - training.trainer_base - ***** Epoch 5: Best results *****
10/04/2024 09:32:50 - INFO - training.trainer_base - best_epoch = 1
10/04/2024 09:32:50 - INFO - training.trainer_base - best_eval_accuracy = 0.56
10/04/2024 09:32:50 - INFO - training.trainer_base - epoch = 5.0
OrderedDict([('best_epoch', 1), ('best_eval_accuracy', 0.56), ('epoch', 6.0)])
10/04/2024 09:33:32 - INFO - datasets.metric - Removing /root/.cache/huggingface/metrics/super_glue/copa/default_experiment-1-0.arrow
{'eval_loss': 0.6930140852928162, 'eval_accuracy': 0.51, 'eval_runtime': 4.9083, 'eval_samples_per_second': 20.374, 'eval_steps_per_second': 2.649, 'epoch': 7.0}
10/04/2024 09:33:32 - INFO - training.trainer_base - ***** Epoch 6: Best results *****
10/04/2024 09:33:32 - INFO - training.trainer_base - best_epoch = 1
10/04/2024 09:33:32 - INFO - training.trainer_base - best_eval_accuracy = 0.56
10/04/2024 09:33:32 - INFO - training.trainer_base - epoch = 6.0
OrderedDict([('best_epoch', 1), ('best_eval_accuracy', 0.56), ('epoch', 7.0)])
10/04/2024 09:34:15 - INFO - datasets.metric - Removing /root/.cache/huggingface/metrics/super_glue/copa/default_experiment-1-0.arrow
{'eval_loss': 0.6918858289718628, 'eval_accuracy': 0.53, 'eval_runtime': 4.9083, 'eval_samples_per_second': 20.374, 'eval_steps_per_second': 2.649, 'epoch': 8.0}
10/04/2024 09:34:15 - INFO - training.trainer_base - ***** Epoch 7: Best results *****
10/04/2024 09:34:15 - INFO - training.trainer_base - best_epoch = 1
10/04/2024 09:34:15 - INFO - training.trainer_base - best_eval_accuracy = 0.56
10/04/2024 09:34:15 - INFO - training.trainer_base - epoch = 7.0
OrderedDict([('best_epoch', 1), ('best_eval_accuracy', 0.56), ('epoch', 8.0)])
10/04/2024 09:34:57 - INFO - datasets.metric - Removing /root/.cache/huggingface/metrics/super_glue/copa/default_experiment-1-0.arrow
{'eval_loss': 0.6909037828445435, 'eval_accuracy': 0.53, 'eval_runtime': 4.9077, 'eval_samples_per_second': 20.376, 'eval_steps_per_second': 2.649, 'epoch': 9.0}
10/04/2024 09:34:57 - INFO - training.trainer_base - ***** Epoch 8: Best results *****
10/04/2024 09:34:57 - INFO - training.trainer_base - best_epoch = 1
10/04/2024 09:34:57 - INFO - training.trainer_base - best_eval_accuracy = 0.56
10/04/2024 09:34:57 - INFO - training.trainer_base - epoch = 8.0
OrderedDict([('best_epoch', 1), ('best_eval_accuracy', 0.56), ('epoch', 9.0)])
10/04/2024 09:35:40 - INFO - datasets.metric - Removing /root/.cache/huggingface/metrics/super_glue/copa/default_experiment-1-0.arrow
{'eval_loss': 0.6904833912849426, 'eval_accuracy': 0.57, 'eval_runtime': 4.8857, 'eval_samples_per_second': 20.468, 'eval_steps_per_second': 2.661, 'epoch': 10.0}
10/04/2024 09:35:40 - INFO - training.trainer_base - ***** Epoch 9: Best results *****
10/04/2024 09:35:40 - INFO - training.trainer_base - best_epoch = 9
10/04/2024 09:35:40 - INFO - training.trainer_base - best_eval_accuracy = 0.57
10/04/2024 09:35:40 - INFO - training.trainer_base - epoch = 9.0
OrderedDict([('best_epoch', 9), ('best_eval_accuracy', 0.57), ('epoch', 10.0)])
10/04/2024 09:36:22 - INFO - datasets.metric - Removing /root/.cache/huggingface/metrics/super_glue/copa/default_experiment-1-0.arrow
{'eval_loss': 0.6897967457771301, 'eval_accuracy': 0.62, 'eval_runtime': 4.8879, 'eval_samples_per_second': 20.459, 'eval_steps_per_second': 2.66, 'epoch': 11.0}
10/04/2024 09:36:22 - INFO - training.trainer_base - ***** Epoch 10: Best results *****
10/04/2024 09:36:22 - INFO - training.trainer_base - best_epoch = 10
10/04/2024 09:36:22 - INFO - training.trainer_base - best_eval_accuracy = 0.62
10/04/2024 09:36:22 - INFO - training.trainer_base - epoch = 10.0
OrderedDict([('best_epoch', 10), ('best_eval_accuracy', 0.62), ('epoch', 11.0)])
10/04/2024 09:37:05 - INFO - datasets.metric - Removing /root/.cache/huggingface/metrics/super_glue/copa/default_experiment-1-0.arrow
{'eval_loss': 0.6900225281715393, 'eval_accuracy': 0.58, 'eval_runtime': 4.9077, 'eval_samples_per_second': 20.376, 'eval_steps_per_second': 2.649, 'epoch': 12.0}
10/04/2024 09:37:05 - INFO - training.trainer_base - ***** Epoch 11: Best results *****
10/04/2024 09:37:05 - INFO - training.trainer_base - best_epoch = 10
10/04/2024 09:37:05 - INFO - training.trainer_base - best_eval_accuracy = 0.62
10/04/2024 09:37:05 - INFO - training.trainer_base - epoch = 11.0
OrderedDict([('best_epoch', 10), ('best_eval_accuracy', 0.62), ('epoch', 12.0)])
10/04/2024 09:37:47 - INFO - datasets.metric - Removing /root/.cache/huggingface/metrics/super_glue/copa/default_experiment-1-0.arrow
{'eval_loss': 0.6890896558761597, 'eval_accuracy': 0.57, 'eval_runtime': 4.8918, 'eval_samples_per_second': 20.442, 'eval_steps_per_second': 2.658, 'epoch': 13.0}
10/04/2024 09:37:47 - INFO - training.trainer_base - ***** Epoch 12: Best results *****
10/04/2024 09:37:47 - INFO - training.trainer_base - best_epoch = 10
10/04/2024 09:37:47 - INFO - training.trainer_base - best_eval_accuracy = 0.62
10/04/2024 09:37:47 - INFO - training.trainer_base - epoch = 12.0
OrderedDict([('best_epoch', 10), ('best_eval_accuracy', 0.62), ('epoch', 13.0)])
10/04/2024 09:38:29 - INFO - datasets.metric - Removing /root/.cache/huggingface/metrics/super_glue/copa/default_experiment-1-0.arrow
{'eval_loss': 0.6896984577178955, 'eval_accuracy': 0.54, 'eval_runtime': 4.8703, 'eval_samples_per_second': 20.532, 'eval_steps_per_second': 2.669, 'epoch': 14.0}
10/04/2024 09:38:29 - INFO - training.trainer_base - ***** Epoch 13: Best results *****
10/04/2024 09:38:29 - INFO - training.trainer_base - best_epoch = 10
10/04/2024 09:38:29 - INFO - training.trainer_base - best_eval_accuracy = 0.62
10/04/2024 09:38:29 - INFO - training.trainer_base - epoch = 13.0
OrderedDict([('best_epoch', 10), ('best_eval_accuracy', 0.62), ('epoch', 14.0)])
10/04/2024 09:39:12 - INFO - datasets.metric - Removing /root/.cache/huggingface/metrics/super_glue/copa/default_experiment-1-0.arrow
{'eval_loss': 0.6897343993186951, 'eval_accuracy': 0.55, 'eval_runtime': 4.8616, 'eval_samples_per_second': 20.569, 'eval_steps_per_second': 2.674, 'epoch': 15.0}
10/04/2024 09:39:12 - INFO - training.trainer_base - ***** Epoch 14: Best results *****
10/04/2024 09:39:12 - INFO - training.trainer_base - best_epoch = 10
10/04/2024 09:39:12 - INFO - training.trainer_base - best_eval_accuracy = 0.62
10/04/2024 09:39:12 - INFO - training.trainer_base - epoch = 14.0
OrderedDict([('best_epoch', 10), ('best_eval_accuracy', 0.62), ('epoch', 15.0)])
10/04/2024 09:39:54 - INFO - datasets.metric - Removing /root/.cache/huggingface/metrics/super_glue/copa/default_experiment-1-0.arrow
{'eval_loss': 0.6894367337226868, 'eval_accuracy': 0.58, 'eval_runtime': 4.8756, 'eval_samples_per_second': 20.51, 'eval_steps_per_second': 2.666, 'epoch': 16.0}
10/04/2024 09:39:54 - INFO - training.trainer_base - ***** Epoch 15: Best results *****
10/04/2024 09:39:54 - INFO - training.trainer_base - best_epoch = 10
10/04/2024 09:39:54 - INFO - training.trainer_base - best_eval_accuracy = 0.62
10/04/2024 09:39:54 - INFO - training.trainer_base - epoch = 15.0
OrderedDict([('best_epoch', 10), ('best_eval_accuracy', 0.62), ('epoch', 16.0)])
10/04/2024 09:40:36 - INFO - datasets.metric - Removing /root/.cache/huggingface/metrics/super_glue/copa/default_experiment-1-0.arrow
{'eval_loss': 0.6864297389984131, 'eval_accuracy': 0.55, 'eval_runtime': 4.8678, 'eval_samples_per_second': 20.543, 'eval_steps_per_second': 2.671, 'epoch': 17.0}
10/04/2024 09:40:36 - INFO - training.trainer_base - ***** Epoch 16: Best results *****
10/04/2024 09:40:36 - INFO - training.trainer_base - best_epoch = 10
10/04/2024 09:40:36 - INFO - training.trainer_base - best_eval_accuracy = 0.62
10/04/2024 09:40:36 - INFO - training.trainer_base - epoch = 16.0
OrderedDict([('best_epoch', 10), ('best_eval_accuracy', 0.62), ('epoch', 17.0)])
10/04/2024 09:41:19 - INFO - datasets.metric - Removing /root/.cache/huggingface/metrics/super_glue/copa/default_experiment-1-0.arrow
{'eval_loss': 0.6817559003829956, 'eval_accuracy': 0.59, 'eval_runtime': 4.8866, 'eval_samples_per_second': 20.464, 'eval_steps_per_second': 2.66, 'epoch': 18.0}
10/04/2024 09:41:19 - INFO - training.trainer_base - ***** Epoch 17: Best results *****
10/04/2024 09:41:19 - INFO - training.trainer_base - best_epoch = 10
10/04/2024 09:41:19 - INFO - training.trainer_base - best_eval_accuracy = 0.62
10/04/2024 09:41:19 - INFO - training.trainer_base - epoch = 17.0
OrderedDict([('best_epoch', 10), ('best_eval_accuracy', 0.62), ('epoch', 18.0)])
10/04/2024 09:42:01 - INFO - datasets.metric - Removing /root/.cache/huggingface/metrics/super_glue/copa/default_experiment-1-0.arrow
{'eval_loss': 0.6635513305664062, 'eval_accuracy': 0.62, 'eval_runtime': 4.8777, 'eval_samples_per_second': 20.502, 'eval_steps_per_second': 2.665, 'epoch': 19.0}
10/04/2024 09:42:01 - INFO - training.trainer_base - ***** Epoch 18: Best results *****
10/04/2024 09:42:01 - INFO - training.trainer_base - best_epoch = 10
10/04/2024 09:42:01 - INFO - training.trainer_base - best_eval_accuracy = 0.62
10/04/2024 09:42:01 - INFO - training.trainer_base - epoch = 18.0
OrderedDict([('best_epoch', 10), ('best_eval_accuracy', 0.62), ('epoch', 19.0)])
{'loss': 0.7341, 'learning_rate': 0.0075, 'epoch': 20.0}
10/04/2024 09:42:44 - INFO - datasets.metric - Removing /root/.cache/huggingface/metrics/super_glue/copa/default_experiment-1-0.arrow
{'eval_loss': 0.647365391254425, 'eval_accuracy': 0.64, 'eval_runtime': 4.8994, 'eval_samples_per_second': 20.411, 'eval_steps_per_second': 2.653, 'epoch': 20.0}
10/04/2024 09:42:44 - INFO - training.trainer_base - ***** Epoch 19: Best results *****
10/04/2024 09:42:44 - INFO - training.trainer_base - best_epoch = 19
10/04/2024 09:42:44 - INFO - training.trainer_base - best_eval_accuracy = 0.64
10/04/2024 09:42:44 - INFO - training.trainer_base - epoch = 19.0
OrderedDict([('best_epoch', 19), ('best_eval_accuracy', 0.64), ('epoch', 20.0)])
10/04/2024 09:43:26 - INFO - datasets.metric - Removing /root/.cache/huggingface/metrics/super_glue/copa/default_experiment-1-0.arrow
{'eval_loss': 0.6231146454811096, 'eval_accuracy': 0.69, 'eval_runtime': 4.8946, 'eval_samples_per_second': 20.431, 'eval_steps_per_second': 2.656, 'epoch': 21.0}
10/04/2024 09:43:26 - INFO - training.trainer_base - ***** Epoch 20: Best results *****
10/04/2024 09:43:26 - INFO - training.trainer_base - best_epoch = 20
10/04/2024 09:43:26 - INFO - training.trainer_base - best_eval_accuracy = 0.69
10/04/2024 09:43:26 - INFO - training.trainer_base - epoch = 20.0
OrderedDict([('best_epoch', 20), ('best_eval_accuracy', 0.69), ('epoch', 21.0)])
10/04/2024 09:44:08 - INFO - datasets.metric - Removing /root/.cache/huggingface/metrics/super_glue/copa/default_experiment-1-0.arrow
{'eval_loss': 0.589084267616272, 'eval_accuracy': 0.72, 'eval_runtime': 4.8768, 'eval_samples_per_second': 20.505, 'eval_steps_per_second': 2.666, 'epoch': 22.0}
10/04/2024 09:44:08 - INFO - training.trainer_base - ***** Epoch 21: Best results *****
10/04/2024 09:44:08 - INFO - training.trainer_base - best_epoch = 21
10/04/2024 09:44:08 - INFO - training.trainer_base - best_eval_accuracy = 0.72
10/04/2024 09:44:08 - INFO - training.trainer_base - epoch = 21.0
OrderedDict([('best_epoch', 21), ('best_eval_accuracy', 0.72), ('epoch', 22.0)])
10/04/2024 09:44:51 - INFO - datasets.metric - Removing /root/.cache/huggingface/metrics/super_glue/copa/default_experiment-1-0.arrow
{'eval_loss': 0.5456429123878479, 'eval_accuracy': 0.75, 'eval_runtime': 4.8854, 'eval_samples_per_second': 20.469, 'eval_steps_per_second': 2.661, 'epoch': 23.0}
10/04/2024 09:44:51 - INFO - training.trainer_base - ***** Epoch 22: Best results *****
10/04/2024 09:44:51 - INFO - training.trainer_base - best_epoch = 22
10/04/2024 09:44:51 - INFO - training.trainer_base - best_eval_accuracy = 0.75
10/04/2024 09:44:51 - INFO - training.trainer_base - epoch = 22.0
OrderedDict([('best_epoch', 22), ('best_eval_accuracy', 0.75), ('epoch', 23.0)])
10/04/2024 09:45:33 - INFO - datasets.metric - Removing /root/.cache/huggingface/metrics/super_glue/copa/default_experiment-1-0.arrow
{'eval_loss': 0.5049782991409302, 'eval_accuracy': 0.79, 'eval_runtime': 4.8967, 'eval_samples_per_second': 20.422, 'eval_steps_per_second': 2.655, 'epoch': 24.0}
10/04/2024 09:45:33 - INFO - training.trainer_base - ***** Epoch 23: Best results *****
10/04/2024 09:45:33 - INFO - training.trainer_base - best_epoch = 23
10/04/2024 09:45:33 - INFO - training.trainer_base - best_eval_accuracy = 0.79
10/04/2024 09:45:33 - INFO - training.trainer_base - epoch = 23.0
OrderedDict([('best_epoch', 23), ('best_eval_accuracy', 0.79), ('epoch', 24.0)])
10/04/2024 09:46:16 - INFO - datasets.metric - Removing /root/.cache/huggingface/metrics/super_glue/copa/default_experiment-1-0.arrow
{'eval_loss': 0.5235332250595093, 'eval_accuracy': 0.8, 'eval_runtime': 4.8898, 'eval_samples_per_second': 20.451, 'eval_steps_per_second': 2.659, 'epoch': 25.0}
10/04/2024 09:46:16 - INFO - training.trainer_base - ***** Epoch 24: Best results *****
10/04/2024 09:46:16 - INFO - training.trainer_base - best_epoch = 24
10/04/2024 09:46:16 - INFO - training.trainer_base - best_eval_accuracy = 0.8
10/04/2024 09:46:16 - INFO - training.trainer_base - epoch = 24.0
OrderedDict([('best_epoch', 24), ('best_eval_accuracy', 0.8), ('epoch', 25.0)])
10/04/2024 09:46:58 - INFO - datasets.metric - Removing /root/.cache/huggingface/metrics/super_glue/copa/default_experiment-1-0.arrow
{'eval_loss': 0.4777895212173462, 'eval_accuracy': 0.82, 'eval_runtime': 4.8754, 'eval_samples_per_second': 20.511, 'eval_steps_per_second': 2.666, 'epoch': 26.0}
10/04/2024 09:46:58 - INFO - training.trainer_base - ***** Epoch 25: Best results *****
10/04/2024 09:46:58 - INFO - training.trainer_base - best_epoch = 25
10/04/2024 09:46:58 - INFO - training.trainer_base - best_eval_accuracy = 0.82
10/04/2024 09:46:58 - INFO - training.trainer_base - epoch = 25.0
OrderedDict([('best_epoch', 25), ('best_eval_accuracy', 0.82), ('epoch', 26.0)])
10/04/2024 09:47:41 - INFO - datasets.metric - Removing /root/.cache/huggingface/metrics/super_glue/copa/default_experiment-1-0.arrow
{'eval_loss': 0.41679516434669495, 'eval_accuracy': 0.84, 'eval_runtime': 4.8816, 'eval_samples_per_second': 20.485, 'eval_steps_per_second': 2.663, 'epoch': 27.0}
10/04/2024 09:47:41 - INFO - training.trainer_base - ***** Epoch 26: Best results *****
10/04/2024 09:47:41 - INFO - training.trainer_base - best_epoch = 26
10/04/2024 09:47:41 - INFO - training.trainer_base - best_eval_accuracy = 0.84
10/04/2024 09:47:41 - INFO - training.trainer_base - epoch = 26.0
OrderedDict([('best_epoch', 26), ('best_eval_accuracy', 0.84), ('epoch', 27.0)])
10/04/2024 09:48:23 - INFO - datasets.metric - Removing /root/.cache/huggingface/metrics/super_glue/copa/default_experiment-1-0.arrow
{'eval_loss': 0.4159163534641266, 'eval_accuracy': 0.81, 'eval_runtime': 4.8958, 'eval_samples_per_second': 20.426, 'eval_steps_per_second': 2.655, 'epoch': 28.0}
10/04/2024 09:48:23 - INFO - training.trainer_base - ***** Epoch 27: Best results *****
10/04/2024 09:48:23 - INFO - training.trainer_base - best_epoch = 26
10/04/2024 09:48:23 - INFO - training.trainer_base - best_eval_accuracy = 0.84
10/04/2024 09:48:23 - INFO - training.trainer_base - epoch = 27.0
OrderedDict([('best_epoch', 26), ('best_eval_accuracy', 0.84), ('epoch', 28.0)])
10/04/2024 09:49:05 - INFO - datasets.metric - Removing /root/.cache/huggingface/metrics/super_glue/copa/default_experiment-1-0.arrow
{'eval_loss': 0.4433688223361969, 'eval_accuracy': 0.84, 'eval_runtime': 4.8928, 'eval_samples_per_second': 20.438, 'eval_steps_per_second': 2.657, 'epoch': 29.0}
10/04/2024 09:49:05 - INFO - training.trainer_base - ***** Epoch 28: Best results *****
10/04/2024 09:49:05 - INFO - training.trainer_base - best_epoch = 26
10/04/2024 09:49:05 - INFO - training.trainer_base - best_eval_accuracy = 0.84
10/04/2024 09:49:05 - INFO - training.trainer_base - epoch = 28.0
OrderedDict([('best_epoch', 26), ('best_eval_accuracy', 0.84), ('epoch', 29.0)])
10/04/2024 09:49:48 - INFO - datasets.metric - Removing /root/.cache/huggingface/metrics/super_glue/copa/default_experiment-1-0.arrow
{'eval_loss': 0.4132438898086548, 'eval_accuracy': 0.81, 'eval_runtime': 4.8907, 'eval_samples_per_second': 20.447, 'eval_steps_per_second': 2.658, 'epoch': 30.0}
10/04/2024 09:49:48 - INFO - training.trainer_base - ***** Epoch 29: Best results *****
10/04/2024 09:49:48 - INFO - training.trainer_base - best_epoch = 26
10/04/2024 09:49:48 - INFO - training.trainer_base - best_eval_accuracy = 0.84
10/04/2024 09:49:48 - INFO - training.trainer_base - epoch = 29.0
OrderedDict([('best_epoch', 26), ('best_eval_accuracy', 0.84), ('epoch', 30.0)])
10/04/2024 09:50:30 - INFO - datasets.metric - Removing /root/.cache/huggingface/metrics/super_glue/copa/default_experiment-1-0.arrow
{'eval_loss': 0.4122423827648163, 'eval_accuracy': 0.83, 'eval_runtime': 4.8792, 'eval_samples_per_second': 20.495, 'eval_steps_per_second': 2.664, 'epoch': 31.0}
10/04/2024 09:50:30 - INFO - training.trainer_base - ***** Epoch 30: Best results *****
10/04/2024 09:50:30 - INFO - training.trainer_base - best_epoch = 26
10/04/2024 09:50:30 - INFO - training.trainer_base - best_eval_accuracy = 0.84
10/04/2024 09:50:30 - INFO - training.trainer_base - epoch = 30.0
OrderedDict([('best_epoch', 26), ('best_eval_accuracy', 0.84), ('epoch', 31.0)])
10/04/2024 09:51:13 - INFO - datasets.metric - Removing /root/.cache/huggingface/metrics/super_glue/copa/default_experiment-1-0.arrow
{'eval_loss': 0.3874419331550598, 'eval_accuracy': 0.83, 'eval_runtime': 4.8977, 'eval_samples_per_second': 20.418, 'eval_steps_per_second': 2.654, 'epoch': 32.0}
10/04/2024 09:51:13 - INFO - training.trainer_base - ***** Epoch 31: Best results *****
10/04/2024 09:51:13 - INFO - training.trainer_base - best_epoch = 26
10/04/2024 09:51:13 - INFO - training.trainer_base - best_eval_accuracy = 0.84
10/04/2024 09:51:13 - INFO - training.trainer_base - epoch = 31.0
OrderedDict([('best_epoch', 26), ('best_eval_accuracy', 0.84), ('epoch', 32.0)])
10/04/2024 09:51:55 - INFO - datasets.metric - Removing /root/.cache/huggingface/metrics/super_glue/copa/default_experiment-1-0.arrow
{'eval_loss': 0.3321816325187683, 'eval_accuracy': 0.88, 'eval_runtime': 4.9044, 'eval_samples_per_second': 20.39, 'eval_steps_per_second': 2.651, 'epoch': 33.0}
10/04/2024 09:51:55 - INFO - training.trainer_base - ***** Epoch 32: Best results *****
10/04/2024 09:51:55 - INFO - training.trainer_base - best_epoch = 32
10/04/2024 09:51:55 - INFO - training.trainer_base - best_eval_accuracy = 0.88
10/04/2024 09:51:55 - INFO - training.trainer_base - epoch = 32.0
OrderedDict([('best_epoch', 32), ('best_eval_accuracy', 0.88), ('epoch', 33.0)])
10/04/2024 09:52:38 - INFO - datasets.metric - Removing /root/.cache/huggingface/metrics/super_glue/copa/default_experiment-1-0.arrow
{'eval_loss': 0.30215367674827576, 'eval_accuracy': 0.9, 'eval_runtime': 4.8955, 'eval_samples_per_second': 20.427, 'eval_steps_per_second': 2.656, 'epoch': 34.0}
10/04/2024 09:52:38 - INFO - training.trainer_base - ***** Epoch 33: Best results *****
10/04/2024 09:52:38 - INFO - training.trainer_base - best_epoch = 33
10/04/2024 09:52:38 - INFO - training.trainer_base - best_eval_accuracy = 0.9
10/04/2024 09:52:38 - INFO - training.trainer_base - epoch = 33.0
OrderedDict([('best_epoch', 33), ('best_eval_accuracy', 0.9), ('epoch', 34.0)])
10/04/2024 09:53:20 - INFO - datasets.metric - Removing /root/.cache/huggingface/metrics/super_glue/copa/default_experiment-1-0.arrow
{'eval_loss': 0.3537690043449402, 'eval_accuracy': 0.86, 'eval_runtime': 4.8842, 'eval_samples_per_second': 20.474, 'eval_steps_per_second': 2.662, 'epoch': 35.0}
10/04/2024 09:53:20 - INFO - training.trainer_base - ***** Epoch 34: Best results *****
10/04/2024 09:53:20 - INFO - training.trainer_base - best_epoch = 33
10/04/2024 09:53:20 - INFO - training.trainer_base - best_eval_accuracy = 0.9
10/04/2024 09:53:20 - INFO - training.trainer_base - epoch = 34.0
OrderedDict([('best_epoch', 33), ('best_eval_accuracy', 0.9), ('epoch', 35.0)])
10/04/2024 09:54:03 - INFO - datasets.metric - Removing /root/.cache/huggingface/metrics/super_glue/copa/default_experiment-1-0.arrow
{'eval_loss': 0.33632174134254456, 'eval_accuracy': 0.88, 'eval_runtime': 4.8831, 'eval_samples_per_second': 20.479, 'eval_steps_per_second': 2.662, 'epoch': 36.0}
10/04/2024 09:54:03 - INFO - training.trainer_base - ***** Epoch 35: Best results *****
10/04/2024 09:54:03 - INFO - training.trainer_base - best_epoch = 33
10/04/2024 09:54:03 - INFO - training.trainer_base - best_eval_accuracy = 0.9
10/04/2024 09:54:03 - INFO - training.trainer_base - epoch = 35.0
OrderedDict([('best_epoch', 33), ('best_eval_accuracy', 0.9), ('epoch', 36.0)])
10/04/2024 09:54:45 - INFO - datasets.metric - Removing /root/.cache/huggingface/metrics/super_glue/copa/default_experiment-1-0.arrow
{'eval_loss': 0.3151405453681946, 'eval_accuracy': 0.89, 'eval_runtime': 4.8736, 'eval_samples_per_second': 20.519, 'eval_steps_per_second': 2.667, 'epoch': 37.0}
10/04/2024 09:54:45 - INFO - training.trainer_base - ***** Epoch 36: Best results *****
10/04/2024 09:54:45 - INFO - training.trainer_base - best_epoch = 33
10/04/2024 09:54:45 - INFO - training.trainer_base - best_eval_accuracy = 0.9
10/04/2024 09:54:45 - INFO - training.trainer_base - epoch = 36.0
OrderedDict([('best_epoch', 33), ('best_eval_accuracy', 0.9), ('epoch', 37.0)])
10/04/2024 09:55:28 - INFO - datasets.metric - Removing /root/.cache/huggingface/metrics/super_glue/copa/default_experiment-1-0.arrow
{'eval_loss': 0.3208935856819153, 'eval_accuracy': 0.9, 'eval_runtime': 4.8874, 'eval_samples_per_second': 20.461, 'eval_steps_per_second': 2.66, 'epoch': 38.0}
10/04/2024 09:55:28 - INFO - training.trainer_base - ***** Epoch 37: Best results *****
10/04/2024 09:55:28 - INFO - training.trainer_base - best_epoch = 33
10/04/2024 09:55:28 - INFO - training.trainer_base - best_eval_accuracy = 0.9
10/04/2024 09:55:28 - INFO - training.trainer_base - epoch = 37.0
OrderedDict([('best_epoch', 33), ('best_eval_accuracy', 0.9), ('epoch', 38.0)])
10/04/2024 09:56:10 - INFO - datasets.metric - Removing /root/.cache/huggingface/metrics/super_glue/copa/default_experiment-1-0.arrow
{'eval_loss': 0.3288973867893219, 'eval_accuracy': 0.89, 'eval_runtime': 4.8909, 'eval_samples_per_second': 20.446, 'eval_steps_per_second': 2.658, 'epoch': 39.0}
10/04/2024 09:56:10 - INFO - training.trainer_base - ***** Epoch 38: Best results *****
10/04/2024 09:56:10 - INFO - training.trainer_base - best_epoch = 33
10/04/2024 09:56:10 - INFO - training.trainer_base - best_eval_accuracy = 0.9
10/04/2024 09:56:10 - INFO - training.trainer_base - epoch = 38.0
OrderedDict([('best_epoch', 33), ('best_eval_accuracy', 0.9), ('epoch', 39.0)])
{'loss': 0.3139, 'learning_rate': 0.005999999999999999, 'epoch': 40.0}
10/04/2024 09:56:53 - INFO - datasets.metric - Removing /root/.cache/huggingface/metrics/super_glue/copa/default_experiment-1-0.arrow
{'eval_loss': 0.3202141225337982, 'eval_accuracy': 0.88, 'eval_runtime': 4.89, 'eval_samples_per_second': 20.45, 'eval_steps_per_second': 2.659, 'epoch': 40.0}
10/04/2024 09:56:53 - INFO - training.trainer_base - ***** Epoch 39: Best results *****
10/04/2024 09:56:53 - INFO - training.trainer_base - best_epoch = 33
10/04/2024 09:56:53 - INFO - training.trainer_base - best_eval_accuracy = 0.9
10/04/2024 09:56:53 - INFO - training.trainer_base - epoch = 39.0
OrderedDict([('best_epoch', 33), ('best_eval_accuracy', 0.9), ('epoch', 40.0)])
10/04/2024 09:57:35 - INFO - datasets.metric - Removing /root/.cache/huggingface/metrics/super_glue/copa/default_experiment-1-0.arrow
{'eval_loss': 0.3624522089958191, 'eval_accuracy': 0.89, 'eval_runtime': 4.8977, 'eval_samples_per_second': 20.418, 'eval_steps_per_second': 2.654, 'epoch': 41.0}
10/04/2024 09:57:35 - INFO - training.trainer_base - ***** Epoch 40: Best results *****
10/04/2024 09:57:35 - INFO - training.trainer_base - best_epoch = 33
10/04/2024 09:57:35 - INFO - training.trainer_base - best_eval_accuracy = 0.9
10/04/2024 09:57:35 - INFO - training.trainer_base - epoch = 40.0
OrderedDict([('best_epoch', 33), ('best_eval_accuracy', 0.9), ('epoch', 41.0)])
10/04/2024 09:58:18 - INFO - datasets.metric - Removing /root/.cache/huggingface/metrics/super_glue/copa/default_experiment-1-0.arrow
{'eval_loss': 0.34522685408592224, 'eval_accuracy': 0.9, 'eval_runtime': 4.8964, 'eval_samples_per_second': 20.423, 'eval_steps_per_second': 2.655, 'epoch': 42.0}
10/04/2024 09:58:18 - INFO - training.trainer_base - ***** Epoch 41: Best results *****
10/04/2024 09:58:18 - INFO - training.trainer_base - best_epoch = 33
10/04/2024 09:58:18 - INFO - training.trainer_base - best_eval_accuracy = 0.9
10/04/2024 09:58:18 - INFO - training.trainer_base - epoch = 41.0
OrderedDict([('best_epoch', 33), ('best_eval_accuracy', 0.9), ('epoch', 42.0)])
10/04/2024 09:59:00 - INFO - datasets.metric - Removing /root/.cache/huggingface/metrics/super_glue/copa/default_experiment-1-0.arrow
{'eval_loss': 0.36748936772346497, 'eval_accuracy': 0.88, 'eval_runtime': 4.882, 'eval_samples_per_second': 20.484, 'eval_steps_per_second': 2.663, 'epoch': 43.0}
10/04/2024 09:59:00 - INFO - training.trainer_base - ***** Epoch 42: Best results *****
10/04/2024 09:59:00 - INFO - training.trainer_base - best_epoch = 33
10/04/2024 09:59:00 - INFO - training.trainer_base - best_eval_accuracy = 0.9
10/04/2024 09:59:00 - INFO - training.trainer_base - epoch = 42.0
OrderedDict([('best_epoch', 33), ('best_eval_accuracy', 0.9), ('epoch', 43.0)])
10/04/2024 09:59:42 - INFO - datasets.metric - Removing /root/.cache/huggingface/metrics/super_glue/copa/default_experiment-1-0.arrow
{'eval_loss': 0.3600490689277649, 'eval_accuracy': 0.9, 'eval_runtime': 4.8659, 'eval_samples_per_second': 20.551, 'eval_steps_per_second': 2.672, 'epoch': 44.0}
10/04/2024 09:59:42 - INFO - training.trainer_base - ***** Epoch 43: Best results *****
10/04/2024 09:59:42 - INFO - training.trainer_base - best_epoch = 33
10/04/2024 09:59:42 - INFO - training.trainer_base - best_eval_accuracy = 0.9
10/04/2024 09:59:42 - INFO - training.trainer_base - epoch = 43.0
OrderedDict([('best_epoch', 33), ('best_eval_accuracy', 0.9), ('epoch', 44.0)])
10/04/2024 10:00:25 - INFO - datasets.metric - Removing /root/.cache/huggingface/metrics/super_glue/copa/default_experiment-1-0.arrow
{'eval_loss': 0.3050234913825989, 'eval_accuracy': 0.9, 'eval_runtime': 4.8742, 'eval_samples_per_second': 20.516, 'eval_steps_per_second': 2.667, 'epoch': 45.0}
10/04/2024 10:00:25 - INFO - training.trainer_base - ***** Epoch 44: Best results *****
10/04/2024 10:00:25 - INFO - training.trainer_base - best_epoch = 33
10/04/2024 10:00:25 - INFO - training.trainer_base - best_eval_accuracy = 0.9
10/04/2024 10:00:25 - INFO - training.trainer_base - epoch = 44.0
OrderedDict([('best_epoch', 33), ('best_eval_accuracy', 0.9), ('epoch', 45.0)])
10/04/2024 10:01:07 - INFO - datasets.metric - Removing /root/.cache/huggingface/metrics/super_glue/copa/default_experiment-1-0.arrow
{'eval_loss': 0.37692737579345703, 'eval_accuracy': 0.87, 'eval_runtime': 4.8925, 'eval_samples_per_second': 20.44, 'eval_steps_per_second': 2.657, 'epoch': 46.0}
10/04/2024 10:01:07 - INFO - training.trainer_base - ***** Epoch 45: Best results *****
10/04/2024 10:01:07 - INFO - training.trainer_base - best_epoch = 33
10/04/2024 10:01:07 - INFO - training.trainer_base - best_eval_accuracy = 0.9
10/04/2024 10:01:07 - INFO - training.trainer_base - epoch = 45.0
OrderedDict([('best_epoch', 33), ('best_eval_accuracy', 0.9), ('epoch', 46.0)])
10/04/2024 10:01:49 - INFO - datasets.metric - Removing /root/.cache/huggingface/metrics/super_glue/copa/default_experiment-1-0.arrow
{'eval_loss': 0.3864556849002838, 'eval_accuracy': 0.88, 'eval_runtime': 4.9059, 'eval_samples_per_second': 20.384, 'eval_steps_per_second': 2.65, 'epoch': 47.0}
10/04/2024 10:01:49 - INFO - training.trainer_base - ***** Epoch 46: Best results *****
10/04/2024 10:01:49 - INFO - training.trainer_base - best_epoch = 33
10/04/2024 10:01:49 - INFO - training.trainer_base - best_eval_accuracy = 0.9
10/04/2024 10:01:49 - INFO - training.trainer_base - epoch = 46.0
OrderedDict([('best_epoch', 33), ('best_eval_accuracy', 0.9), ('epoch', 47.0)])
10/04/2024 10:02:32 - INFO - datasets.metric - Removing /root/.cache/huggingface/metrics/super_glue/copa/default_experiment-1-0.arrow
{'eval_loss': 0.43376514315605164, 'eval_accuracy': 0.89, 'eval_runtime': 4.9032, 'eval_samples_per_second': 20.395, 'eval_steps_per_second': 2.651, 'epoch': 48.0}
10/04/2024 10:02:32 - INFO - training.trainer_base - ***** Epoch 47: Best results *****
10/04/2024 10:02:32 - INFO - training.trainer_base - best_epoch = 33
10/04/2024 10:02:32 - INFO - training.trainer_base - best_eval_accuracy = 0.9
10/04/2024 10:02:32 - INFO - training.trainer_base - epoch = 47.0
OrderedDict([('best_epoch', 33), ('best_eval_accuracy', 0.9), ('epoch', 48.0)])
10/04/2024 10:03:14 - INFO - datasets.metric - Removing /root/.cache/huggingface/metrics/super_glue/copa/default_experiment-1-0.arrow
{'eval_loss': 0.4375865161418915, 'eval_accuracy': 0.88, 'eval_runtime': 4.8685, 'eval_samples_per_second': 20.54, 'eval_steps_per_second': 2.67, 'epoch': 49.0}
10/04/2024 10:03:14 - INFO - training.trainer_base - ***** Epoch 48: Best results *****
10/04/2024 10:03:14 - INFO - training.trainer_base - best_epoch = 33
10/04/2024 10:03:14 - INFO - training.trainer_base - best_eval_accuracy = 0.9
10/04/2024 10:03:14 - INFO - training.trainer_base - epoch = 48.0
OrderedDict([('best_epoch', 33), ('best_eval_accuracy', 0.9), ('epoch', 49.0)])
10/04/2024 10:03:57 - INFO - datasets.metric - Removing /root/.cache/huggingface/metrics/super_glue/copa/default_experiment-1-0.arrow
{'eval_loss': 0.4197503328323364, 'eval_accuracy': 0.88, 'eval_runtime': 4.8808, 'eval_samples_per_second': 20.488, 'eval_steps_per_second': 2.663, 'epoch': 50.0}
10/04/2024 10:03:57 - INFO - training.trainer_base - ***** Epoch 49: Best results *****
10/04/2024 10:03:57 - INFO - training.trainer_base - best_epoch = 33
10/04/2024 10:03:57 - INFO - training.trainer_base - best_eval_accuracy = 0.9
10/04/2024 10:03:57 - INFO - training.trainer_base - epoch = 49.0
OrderedDict([('best_epoch', 33), ('best_eval_accuracy', 0.9), ('epoch', 50.0)])
10/04/2024 10:04:39 - INFO - datasets.metric - Removing /root/.cache/huggingface/metrics/super_glue/copa/default_experiment-1-0.arrow
{'eval_loss': 0.48538684844970703, 'eval_accuracy': 0.84, 'eval_runtime': 4.9002, 'eval_samples_per_second': 20.407, 'eval_steps_per_second': 2.653, 'epoch': 51.0}
10/04/2024 10:04:39 - INFO - training.trainer_base - ***** Epoch 50: Best results *****
10/04/2024 10:04:39 - INFO - training.trainer_base - best_epoch = 33
10/04/2024 10:04:39 - INFO - training.trainer_base - best_eval_accuracy = 0.9
10/04/2024 10:04:39 - INFO - training.trainer_base - epoch = 50.0
OrderedDict([('best_epoch', 33), ('best_eval_accuracy', 0.9), ('epoch', 51.0)])
10/04/2024 10:05:22 - INFO - datasets.metric - Removing /root/.cache/huggingface/metrics/super_glue/copa/default_experiment-1-0.arrow
{'eval_loss': 0.41793492436408997, 'eval_accuracy': 0.84, 'eval_runtime': 4.8899, 'eval_samples_per_second': 20.45, 'eval_steps_per_second': 2.659, 'epoch': 52.0}
10/04/2024 10:05:22 - INFO - training.trainer_base - ***** Epoch 51: Best results *****
10/04/2024 10:05:22 - INFO - training.trainer_base - best_epoch = 33
10/04/2024 10:05:22 - INFO - training.trainer_base - best_eval_accuracy = 0.9
10/04/2024 10:05:22 - INFO - training.trainer_base - epoch = 51.0
OrderedDict([('best_epoch', 33), ('best_eval_accuracy', 0.9), ('epoch', 52.0)])
10/04/2024 10:06:04 - INFO - datasets.metric - Removing /root/.cache/huggingface/metrics/super_glue/copa/default_experiment-1-0.arrow
{'eval_loss': 0.3897243142127991, 'eval_accuracy': 0.87, 'eval_runtime': 4.9, 'eval_samples_per_second': 20.408, 'eval_steps_per_second': 2.653, 'epoch': 53.0}
10/04/2024 10:06:04 - INFO - training.trainer_base - ***** Epoch 52: Best results *****
10/04/2024 10:06:04 - INFO - training.trainer_base - best_epoch = 33
10/04/2024 10:06:04 - INFO - training.trainer_base - best_eval_accuracy = 0.9
10/04/2024 10:06:04 - INFO - training.trainer_base - epoch = 52.0
OrderedDict([('best_epoch', 33), ('best_eval_accuracy', 0.9), ('epoch', 53.0)])
10/04/2024 10:06:47 - INFO - datasets.metric - Removing /root/.cache/huggingface/metrics/super_glue/copa/default_experiment-1-0.arrow
{'eval_loss': 0.43331199884414673, 'eval_accuracy': 0.88, 'eval_runtime': 4.879, 'eval_samples_per_second': 20.496, 'eval_steps_per_second': 2.664, 'epoch': 54.0}
10/04/2024 10:06:47 - INFO - training.trainer_base - ***** Epoch 53: Best results *****
10/04/2024 10:06:47 - INFO - training.trainer_base - best_epoch = 33
10/04/2024 10:06:47 - INFO - training.trainer_base - best_eval_accuracy = 0.9
10/04/2024 10:06:47 - INFO - training.trainer_base - epoch = 53.0
OrderedDict([('best_epoch', 33), ('best_eval_accuracy', 0.9), ('epoch', 54.0)])
10/04/2024 10:07:29 - INFO - datasets.metric - Removing /root/.cache/huggingface/metrics/super_glue/copa/default_experiment-1-0.arrow
{'eval_loss': 0.4453829228878021, 'eval_accuracy': 0.88, 'eval_runtime': 4.879, 'eval_samples_per_second': 20.496, 'eval_steps_per_second': 2.664, 'epoch': 55.0}
10/04/2024 10:07:29 - INFO - training.trainer_base - ***** Epoch 54: Best results *****
10/04/2024 10:07:29 - INFO - training.trainer_base - best_epoch = 33
10/04/2024 10:07:29 - INFO - training.trainer_base - best_eval_accuracy = 0.9
10/04/2024 10:07:29 - INFO - training.trainer_base - epoch = 54.0
OrderedDict([('best_epoch', 33), ('best_eval_accuracy', 0.9), ('epoch', 55.0)])
10/04/2024 10:08:11 - INFO - datasets.metric - Removing /root/.cache/huggingface/metrics/super_glue/copa/default_experiment-1-0.arrow
{'eval_loss': 0.492487370967865, 'eval_accuracy': 0.87, 'eval_runtime': 4.8956, 'eval_samples_per_second': 20.427, 'eval_steps_per_second': 2.655, 'epoch': 56.0}
10/04/2024 10:08:11 - INFO - training.trainer_base - ***** Epoch 55: Best results *****
10/04/2024 10:08:11 - INFO - training.trainer_base - best_epoch = 33
10/04/2024 10:08:11 - INFO - training.trainer_base - best_eval_accuracy = 0.9
10/04/2024 10:08:11 - INFO - training.trainer_base - epoch = 55.0
OrderedDict([('best_epoch', 33), ('best_eval_accuracy', 0.9), ('epoch', 56.0)])
10/04/2024 10:08:54 - INFO - datasets.metric - Removing /root/.cache/huggingface/metrics/super_glue/copa/default_experiment-1-0.arrow
{'eval_loss': 0.45666325092315674, 'eval_accuracy': 0.88, 'eval_runtime': 4.8846, 'eval_samples_per_second': 20.473, 'eval_steps_per_second': 2.661, 'epoch': 57.0}
10/04/2024 10:08:54 - INFO - training.trainer_base - ***** Epoch 56: Best results *****
10/04/2024 10:08:54 - INFO - training.trainer_base - best_epoch = 33
10/04/2024 10:08:54 - INFO - training.trainer_base - best_eval_accuracy = 0.9
10/04/2024 10:08:54 - INFO - training.trainer_base - epoch = 56.0
OrderedDict([('best_epoch', 33), ('best_eval_accuracy', 0.9), ('epoch', 57.0)])
10/04/2024 10:09:36 - INFO - datasets.metric - Removing /root/.cache/huggingface/metrics/super_glue/copa/default_experiment-1-0.arrow
{'eval_loss': 0.456172913312912, 'eval_accuracy': 0.88, 'eval_runtime': 4.8842, 'eval_samples_per_second': 20.474, 'eval_steps_per_second': 2.662, 'epoch': 58.0}
10/04/2024 10:09:36 - INFO - training.trainer_base - ***** Epoch 57: Best results *****
10/04/2024 10:09:36 - INFO - training.trainer_base - best_epoch = 33
10/04/2024 10:09:36 - INFO - training.trainer_base - best_eval_accuracy = 0.9
10/04/2024 10:09:36 - INFO - training.trainer_base - epoch = 57.0
OrderedDict([('best_epoch', 33), ('best_eval_accuracy', 0.9), ('epoch', 58.0)])
10/04/2024 10:10:19 - INFO - datasets.metric - Removing /root/.cache/huggingface/metrics/super_glue/copa/default_experiment-1-0.arrow
{'eval_loss': 0.4597904086112976, 'eval_accuracy': 0.9, 'eval_runtime': 4.8855, 'eval_samples_per_second': 20.469, 'eval_steps_per_second': 2.661, 'epoch': 59.0}
10/04/2024 10:10:19 - INFO - training.trainer_base - ***** Epoch 58: Best results *****
10/04/2024 10:10:19 - INFO - training.trainer_base - best_epoch = 33
10/04/2024 10:10:19 - INFO - training.trainer_base - best_eval_accuracy = 0.9
10/04/2024 10:10:19 - INFO - training.trainer_base - epoch = 58.0
OrderedDict([('best_epoch', 33), ('best_eval_accuracy', 0.9), ('epoch', 59.0)])
{'loss': 0.0865, 'learning_rate': 0.0045, 'epoch': 60.0}
10/04/2024 10:11:01 - INFO - datasets.metric - Removing /root/.cache/huggingface/metrics/super_glue/copa/default_experiment-1-0.arrow
{'eval_loss': 0.4289628863334656, 'eval_accuracy': 0.9, 'eval_runtime': 4.882, 'eval_samples_per_second': 20.483, 'eval_steps_per_second': 2.663, 'epoch': 60.0}
10/04/2024 10:11:01 - INFO - training.trainer_base - ***** Epoch 59: Best results *****
10/04/2024 10:11:01 - INFO - training.trainer_base - best_epoch = 33
10/04/2024 10:11:01 - INFO - training.trainer_base - best_eval_accuracy = 0.9
10/04/2024 10:11:01 - INFO - training.trainer_base - epoch = 59.0
OrderedDict([('best_epoch', 33), ('best_eval_accuracy', 0.9), ('epoch', 60.0)])
10/04/2024 10:11:43 - INFO - datasets.metric - Removing /root/.cache/huggingface/metrics/super_glue/copa/default_experiment-1-0.arrow
{'eval_loss': 0.38694560527801514, 'eval_accuracy': 0.88, 'eval_runtime': 4.8858, 'eval_samples_per_second': 20.468, 'eval_steps_per_second': 2.661, 'epoch': 61.0}
10/04/2024 10:11:43 - INFO - training.trainer_base - ***** Epoch 60: Best results *****
10/04/2024 10:11:43 - INFO - training.trainer_base - best_epoch = 33
10/04/2024 10:11:43 - INFO - training.trainer_base - best_eval_accuracy = 0.9
10/04/2024 10:11:43 - INFO - training.trainer_base - epoch = 60.0
OrderedDict([('best_epoch', 33), ('best_eval_accuracy', 0.9), ('epoch', 61.0)])
10/04/2024 10:12:26 - INFO - datasets.metric - Removing /root/.cache/huggingface/metrics/super_glue/copa/default_experiment-1-0.arrow
{'eval_loss': 0.32865265011787415, 'eval_accuracy': 0.91, 'eval_runtime': 4.891, 'eval_samples_per_second': 20.446, 'eval_steps_per_second': 2.658, 'epoch': 62.0}
10/04/2024 10:12:26 - INFO - training.trainer_base - ***** Epoch 61: Best results *****
10/04/2024 10:12:26 - INFO - training.trainer_base - best_epoch = 61
10/04/2024 10:12:26 - INFO - training.trainer_base - best_eval_accuracy = 0.91
10/04/2024 10:12:26 - INFO - training.trainer_base - epoch = 61.0
OrderedDict([('best_epoch', 61), ('best_eval_accuracy', 0.91), ('epoch', 62.0)])
10/04/2024 10:13:08 - INFO - datasets.metric - Removing /root/.cache/huggingface/metrics/super_glue/copa/default_experiment-1-0.arrow
{'eval_loss': 0.3141480088233948, 'eval_accuracy': 0.91, 'eval_runtime': 4.8642, 'eval_samples_per_second': 20.558, 'eval_steps_per_second': 2.673, 'epoch': 63.0}
10/04/2024 10:13:08 - INFO - training.trainer_base - ***** Epoch 62: Best results *****
10/04/2024 10:13:08 - INFO - training.trainer_base - best_epoch = 61
10/04/2024 10:13:08 - INFO - training.trainer_base - best_eval_accuracy = 0.91
10/04/2024 10:13:08 - INFO - training.trainer_base - epoch = 62.0
OrderedDict([('best_epoch', 61), ('best_eval_accuracy', 0.91), ('epoch', 63.0)])
10/04/2024 10:13:50 - INFO - datasets.metric - Removing /root/.cache/huggingface/metrics/super_glue/copa/default_experiment-1-0.arrow
{'eval_loss': 0.3235187232494354, 'eval_accuracy': 0.91, 'eval_runtime': 4.877, 'eval_samples_per_second': 20.504, 'eval_steps_per_second': 2.666, 'epoch': 64.0}
10/04/2024 10:13:50 - INFO - training.trainer_base - ***** Epoch 63: Best results *****
10/04/2024 10:13:50 - INFO - training.trainer_base - best_epoch = 61
10/04/2024 10:13:50 - INFO - training.trainer_base - best_eval_accuracy = 0.91
10/04/2024 10:13:50 - INFO - training.trainer_base - epoch = 63.0
OrderedDict([('best_epoch', 61), ('best_eval_accuracy', 0.91), ('epoch', 64.0)])
10/04/2024 10:14:33 - INFO - datasets.metric - Removing /root/.cache/huggingface/metrics/super_glue/copa/default_experiment-1-0.arrow
{'eval_loss': 0.35265272855758667, 'eval_accuracy': 0.9, 'eval_runtime': 4.8871, 'eval_samples_per_second': 20.462, 'eval_steps_per_second': 2.66, 'epoch': 65.0}
10/04/2024 10:14:33 - INFO - training.trainer_base - ***** Epoch 64: Best results *****
10/04/2024 10:14:33 - INFO - training.trainer_base - best_epoch = 61
10/04/2024 10:14:33 - INFO - training.trainer_base - best_eval_accuracy = 0.91
10/04/2024 10:14:33 - INFO - training.trainer_base - epoch = 64.0
OrderedDict([('best_epoch', 61), ('best_eval_accuracy', 0.91), ('epoch', 65.0)])
10/04/2024 10:15:15 - INFO - datasets.metric - Removing /root/.cache/huggingface/metrics/super_glue/copa/default_experiment-1-0.arrow
{'eval_loss': 0.3481631875038147, 'eval_accuracy': 0.89, 'eval_runtime': 4.8822, 'eval_samples_per_second': 20.482, 'eval_steps_per_second': 2.663, 'epoch': 66.0}
10/04/2024 10:15:15 - INFO - training.trainer_base - ***** Epoch 65: Best results *****
10/04/2024 10:15:15 - INFO - training.trainer_base - best_epoch = 61
10/04/2024 10:15:15 - INFO - training.trainer_base - best_eval_accuracy = 0.91
10/04/2024 10:15:15 - INFO - training.trainer_base - epoch = 65.0
OrderedDict([('best_epoch', 61), ('best_eval_accuracy', 0.91), ('epoch', 66.0)])
10/04/2024 10:15:58 - INFO - datasets.metric - Removing /root/.cache/huggingface/metrics/super_glue/copa/default_experiment-1-0.arrow
{'eval_loss': 0.3549468517303467, 'eval_accuracy': 0.89, 'eval_runtime': 4.8736, 'eval_samples_per_second': 20.519, 'eval_steps_per_second': 2.667, 'epoch': 67.0}
10/04/2024 10:15:58 - INFO - training.trainer_base - ***** Epoch 66: Best results *****
10/04/2024 10:15:58 - INFO - training.trainer_base - best_epoch = 61
10/04/2024 10:15:58 - INFO - training.trainer_base - best_eval_accuracy = 0.91
10/04/2024 10:15:58 - INFO - training.trainer_base - epoch = 66.0
OrderedDict([('best_epoch', 61), ('best_eval_accuracy', 0.91), ('epoch', 67.0)])
10/04/2024 10:16:40 - INFO - datasets.metric - Removing /root/.cache/huggingface/metrics/super_glue/copa/default_experiment-1-0.arrow
{'eval_loss': 0.35939303040504456, 'eval_accuracy': 0.89, 'eval_runtime': 4.8808, 'eval_samples_per_second': 20.488, 'eval_steps_per_second': 2.663, 'epoch': 68.0}
10/04/2024 10:16:40 - INFO - training.trainer_base - ***** Epoch 67: Best results *****
10/04/2024 10:16:40 - INFO - training.trainer_base - best_epoch = 61
10/04/2024 10:16:40 - INFO - training.trainer_base - best_eval_accuracy = 0.91
10/04/2024 10:16:40 - INFO - training.trainer_base - epoch = 67.0
OrderedDict([('best_epoch', 61), ('best_eval_accuracy', 0.91), ('epoch', 68.0)])
10/04/2024 10:17:22 - INFO - datasets.metric - Removing /root/.cache/huggingface/metrics/super_glue/copa/default_experiment-1-0.arrow
{'eval_loss': 0.38192105293273926, 'eval_accuracy': 0.88, 'eval_runtime': 4.8893, 'eval_samples_per_second': 20.453, 'eval_steps_per_second': 2.659, 'epoch': 69.0}
10/04/2024 10:17:22 - INFO - training.trainer_base - ***** Epoch 68: Best results *****
10/04/2024 10:17:22 - INFO - training.trainer_base - best_epoch = 61
10/04/2024 10:17:22 - INFO - training.trainer_base - best_eval_accuracy = 0.91
10/04/2024 10:17:22 - INFO - training.trainer_base - epoch = 68.0
OrderedDict([('best_epoch', 61), ('best_eval_accuracy', 0.91), ('epoch', 69.0)])
10/04/2024 10:18:05 - INFO - datasets.metric - Removing /root/.cache/huggingface/metrics/super_glue/copa/default_experiment-1-0.arrow
{'eval_loss': 0.38539963960647583, 'eval_accuracy': 0.87, 'eval_runtime': 4.8939, 'eval_samples_per_second': 20.434, 'eval_steps_per_second': 2.656, 'epoch': 70.0}
10/04/2024 10:18:05 - INFO - training.trainer_base - ***** Epoch 69: Best results *****
10/04/2024 10:18:05 - INFO - training.trainer_base - best_epoch = 61
10/04/2024 10:18:05 - INFO - training.trainer_base - best_eval_accuracy = 0.91
10/04/2024 10:18:05 - INFO - training.trainer_base - epoch = 69.0
OrderedDict([('best_epoch', 61), ('best_eval_accuracy', 0.91), ('epoch', 70.0)])
10/04/2024 10:18:47 - INFO - datasets.metric - Removing /root/.cache/huggingface/metrics/super_glue/copa/default_experiment-1-0.arrow
{'eval_loss': 0.3979591131210327, 'eval_accuracy': 0.87, 'eval_runtime': 4.891, 'eval_samples_per_second': 20.446, 'eval_steps_per_second': 2.658, 'epoch': 71.0}
10/04/2024 10:18:47 - INFO - training.trainer_base - ***** Epoch 70: Best results *****
10/04/2024 10:18:47 - INFO - training.trainer_base - best_epoch = 61
10/04/2024 10:18:47 - INFO - training.trainer_base - best_eval_accuracy = 0.91
10/04/2024 10:18:47 - INFO - training.trainer_base - epoch = 70.0
OrderedDict([('best_epoch', 61), ('best_eval_accuracy', 0.91), ('epoch', 71.0)])
10/04/2024 10:19:30 - INFO - datasets.metric - Removing /root/.cache/huggingface/metrics/super_glue/copa/default_experiment-1-0.arrow
{'eval_loss': 0.3777353763580322, 'eval_accuracy': 0.9, 'eval_runtime': 4.8835, 'eval_samples_per_second': 20.477, 'eval_steps_per_second': 2.662, 'epoch': 72.0}
10/04/2024 10:19:30 - INFO - training.trainer_base - ***** Epoch 71: Best results *****
10/04/2024 10:19:30 - INFO - training.trainer_base - best_epoch = 61
10/04/2024 10:19:30 - INFO - training.trainer_base - best_eval_accuracy = 0.91
10/04/2024 10:19:30 - INFO - training.trainer_base - epoch = 71.0
OrderedDict([('best_epoch', 61), ('best_eval_accuracy', 0.91), ('epoch', 72.0)])
10/04/2024 10:20:12 - INFO - datasets.metric - Removing /root/.cache/huggingface/metrics/super_glue/copa/default_experiment-1-0.arrow
{'eval_loss': 0.3697570860385895, 'eval_accuracy': 0.9, 'eval_runtime': 4.9023, 'eval_samples_per_second': 20.399, 'eval_steps_per_second': 2.652, 'epoch': 73.0}
10/04/2024 10:20:12 - INFO - training.trainer_base - ***** Epoch 72: Best results *****
10/04/2024 10:20:12 - INFO - training.trainer_base - best_epoch = 61
10/04/2024 10:20:12 - INFO - training.trainer_base - best_eval_accuracy = 0.91
10/04/2024 10:20:12 - INFO - training.trainer_base - epoch = 72.0
OrderedDict([('best_epoch', 61), ('best_eval_accuracy', 0.91), ('epoch', 73.0)])
10/04/2024 10:20:55 - INFO - datasets.metric - Removing /root/.cache/huggingface/metrics/super_glue/copa/default_experiment-1-0.arrow
{'eval_loss': 0.38197705149650574, 'eval_accuracy': 0.89, 'eval_runtime': 4.8675, 'eval_samples_per_second': 20.544, 'eval_steps_per_second': 2.671, 'epoch': 74.0}
10/04/2024 10:20:55 - INFO - training.trainer_base - ***** Epoch 73: Best results *****
10/04/2024 10:20:55 - INFO - training.trainer_base - best_epoch = 61
10/04/2024 10:20:55 - INFO - training.trainer_base - best_eval_accuracy = 0.91
10/04/2024 10:20:55 - INFO - training.trainer_base - epoch = 73.0
OrderedDict([('best_epoch', 61), ('best_eval_accuracy', 0.91), ('epoch', 74.0)])
10/04/2024 10:21:37 - INFO - datasets.metric - Removing /root/.cache/huggingface/metrics/super_glue/copa/default_experiment-1-0.arrow
{'eval_loss': 0.3741382360458374, 'eval_accuracy': 0.89, 'eval_runtime': 4.8761, 'eval_samples_per_second': 20.508, 'eval_steps_per_second': 2.666, 'epoch': 75.0}
10/04/2024 10:21:37 - INFO - training.trainer_base - ***** Epoch 74: Best results *****
10/04/2024 10:21:37 - INFO - training.trainer_base - best_epoch = 61
10/04/2024 10:21:37 - INFO - training.trainer_base - best_eval_accuracy = 0.91
10/04/2024 10:21:37 - INFO - training.trainer_base - epoch = 74.0
OrderedDict([('best_epoch', 61), ('best_eval_accuracy', 0.91), ('epoch', 75.0)])
10/04/2024 10:22:19 - INFO - datasets.metric - Removing /root/.cache/huggingface/metrics/super_glue/copa/default_experiment-1-0.arrow
{'eval_loss': 0.3490758240222931, 'eval_accuracy': 0.9, 'eval_runtime': 4.8759, 'eval_samples_per_second': 20.509, 'eval_steps_per_second': 2.666, 'epoch': 76.0}
10/04/2024 10:22:19 - INFO - training.trainer_base - ***** Epoch 75: Best results *****
10/04/2024 10:22:19 - INFO - training.trainer_base - best_epoch = 61
10/04/2024 10:22:19 - INFO - training.trainer_base - best_eval_accuracy = 0.91
10/04/2024 10:22:19 - INFO - training.trainer_base - epoch = 75.0
OrderedDict([('best_epoch', 61), ('best_eval_accuracy', 0.91), ('epoch', 76.0)])
10/04/2024 10:23:02 - INFO - datasets.metric - Removing /root/.cache/huggingface/metrics/super_glue/copa/default_experiment-1-0.arrow
{'eval_loss': 0.3347306549549103, 'eval_accuracy': 0.9, 'eval_runtime': 4.8814, 'eval_samples_per_second': 20.486, 'eval_steps_per_second': 2.663, 'epoch': 77.0}
10/04/2024 10:23:02 - INFO - training.trainer_base - ***** Epoch 76: Best results *****
10/04/2024 10:23:02 - INFO - training.trainer_base - best_epoch = 61
10/04/2024 10:23:02 - INFO - training.trainer_base - best_eval_accuracy = 0.91
10/04/2024 10:23:02 - INFO - training.trainer_base - epoch = 76.0
OrderedDict([('best_epoch', 61), ('best_eval_accuracy', 0.91), ('epoch', 77.0)])
10/04/2024 10:23:44 - INFO - datasets.metric - Removing /root/.cache/huggingface/metrics/super_glue/copa/default_experiment-1-0.arrow
{'eval_loss': 0.321651428937912, 'eval_accuracy': 0.89, 'eval_runtime': 4.8859, 'eval_samples_per_second': 20.467, 'eval_steps_per_second': 2.661, 'epoch': 78.0}
10/04/2024 10:23:44 - INFO - training.trainer_base - ***** Epoch 77: Best results *****
10/04/2024 10:23:44 - INFO - training.trainer_base - best_epoch = 61
10/04/2024 10:23:44 - INFO - training.trainer_base - best_eval_accuracy = 0.91
10/04/2024 10:23:44 - INFO - training.trainer_base - epoch = 77.0
OrderedDict([('best_epoch', 61), ('best_eval_accuracy', 0.91), ('epoch', 78.0)])
10/04/2024 10:24:26 - INFO - datasets.metric - Removing /root/.cache/huggingface/metrics/super_glue/copa/default_experiment-1-0.arrow
{'eval_loss': 0.29780444502830505, 'eval_accuracy': 0.89, 'eval_runtime': 4.8667, 'eval_samples_per_second': 20.548, 'eval_steps_per_second': 2.671, 'epoch': 79.0}
10/04/2024 10:24:26 - INFO - training.trainer_base - ***** Epoch 78: Best results *****
10/04/2024 10:24:26 - INFO - training.trainer_base - best_epoch = 61
10/04/2024 10:24:26 - INFO - training.trainer_base - best_eval_accuracy = 0.91
10/04/2024 10:24:26 - INFO - training.trainer_base - epoch = 78.0
OrderedDict([('best_epoch', 61), ('best_eval_accuracy', 0.91), ('epoch', 79.0)])
{'loss': 0.0426, 'learning_rate': 0.0029999999999999996, 'epoch': 80.0}
10/04/2024 10:25:09 - INFO - datasets.metric - Removing /root/.cache/huggingface/metrics/super_glue/copa/default_experiment-1-0.arrow
{'eval_loss': 0.2908739745616913, 'eval_accuracy': 0.89, 'eval_runtime': 4.8795, 'eval_samples_per_second': 20.494, 'eval_steps_per_second': 2.664, 'epoch': 80.0}
10/04/2024 10:25:09 - INFO - training.trainer_base - ***** Epoch 79: Best results *****
10/04/2024 10:25:09 - INFO - training.trainer_base - best_epoch = 61
10/04/2024 10:25:09 - INFO - training.trainer_base - best_eval_accuracy = 0.91
10/04/2024 10:25:09 - INFO - training.trainer_base - epoch = 79.0
OrderedDict([('best_epoch', 61), ('best_eval_accuracy', 0.91), ('epoch', 80.0)])
10/04/2024 10:25:51 - INFO - datasets.metric - Removing /root/.cache/huggingface/metrics/super_glue/copa/default_experiment-1-0.arrow
{'eval_loss': 0.29218488931655884, 'eval_accuracy': 0.89, 'eval_runtime': 4.8872, 'eval_samples_per_second': 20.461, 'eval_steps_per_second': 2.66, 'epoch': 81.0}
10/04/2024 10:25:51 - INFO - training.trainer_base - ***** Epoch 80: Best results *****
10/04/2024 10:25:51 - INFO - training.trainer_base - best_epoch = 61
10/04/2024 10:25:51 - INFO - training.trainer_base - best_eval_accuracy = 0.91
10/04/2024 10:25:51 - INFO - training.trainer_base - epoch = 80.0
OrderedDict([('best_epoch', 61), ('best_eval_accuracy', 0.91), ('epoch', 81.0)])
10/04/2024 10:26:34 - INFO - datasets.metric - Removing /root/.cache/huggingface/metrics/super_glue/copa/default_experiment-1-0.arrow
{'eval_loss': 0.2976660132408142, 'eval_accuracy': 0.9, 'eval_runtime': 4.8944, 'eval_samples_per_second': 20.431, 'eval_steps_per_second': 2.656, 'epoch': 82.0}
10/04/2024 10:26:34 - INFO - training.trainer_base - ***** Epoch 81: Best results *****
10/04/2024 10:26:34 - INFO - training.trainer_base - best_epoch = 61
10/04/2024 10:26:34 - INFO - training.trainer_base - best_eval_accuracy = 0.91
10/04/2024 10:26:34 - INFO - training.trainer_base - epoch = 81.0
OrderedDict([('best_epoch', 61), ('best_eval_accuracy', 0.91), ('epoch', 82.0)])
10/04/2024 10:27:16 - INFO - datasets.metric - Removing /root/.cache/huggingface/metrics/super_glue/copa/default_experiment-1-0.arrow
{'eval_loss': 0.29979652166366577, 'eval_accuracy': 0.9, 'eval_runtime': 4.8775, 'eval_samples_per_second': 20.502, 'eval_steps_per_second': 2.665, 'epoch': 83.0}
10/04/2024 10:27:16 - INFO - training.trainer_base - ***** Epoch 82: Best results *****
10/04/2024 10:27:16 - INFO - training.trainer_base - best_epoch = 61
10/04/2024 10:27:16 - INFO - training.trainer_base - best_eval_accuracy = 0.91
10/04/2024 10:27:16 - INFO - training.trainer_base - epoch = 82.0
OrderedDict([('best_epoch', 61), ('best_eval_accuracy', 0.91), ('epoch', 83.0)])
10/04/2024 10:27:58 - INFO - datasets.metric - Removing /root/.cache/huggingface/metrics/super_glue/copa/default_experiment-1-0.arrow
{'eval_loss': 0.3269246816635132, 'eval_accuracy': 0.9, 'eval_runtime': 4.8816, 'eval_samples_per_second': 20.485, 'eval_steps_per_second': 2.663, 'epoch': 84.0}
10/04/2024 10:27:58 - INFO - training.trainer_base - ***** Epoch 83: Best results *****
10/04/2024 10:27:58 - INFO - training.trainer_base - best_epoch = 61
10/04/2024 10:27:58 - INFO - training.trainer_base - best_eval_accuracy = 0.91
10/04/2024 10:27:58 - INFO - training.trainer_base - epoch = 83.0
OrderedDict([('best_epoch', 61), ('best_eval_accuracy', 0.91), ('epoch', 84.0)])
10/04/2024 10:28:41 - INFO - datasets.metric - Removing /root/.cache/huggingface/metrics/super_glue/copa/default_experiment-1-0.arrow
{'eval_loss': 0.34430956840515137, 'eval_accuracy': 0.9, 'eval_runtime': 4.8959, 'eval_samples_per_second': 20.425, 'eval_steps_per_second': 2.655, 'epoch': 85.0}
10/04/2024 10:28:41 - INFO - training.trainer_base - ***** Epoch 84: Best results *****
10/04/2024 10:28:41 - INFO - training.trainer_base - best_epoch = 61
10/04/2024 10:28:41 - INFO - training.trainer_base - best_eval_accuracy = 0.91
10/04/2024 10:28:41 - INFO - training.trainer_base - epoch = 84.0
OrderedDict([('best_epoch', 61), ('best_eval_accuracy', 0.91), ('epoch', 85.0)])
10/04/2024 10:29:23 - INFO - datasets.metric - Removing /root/.cache/huggingface/metrics/super_glue/copa/default_experiment-1-0.arrow
{'eval_loss': 0.35130736231803894, 'eval_accuracy': 0.9, 'eval_runtime': 4.9042, 'eval_samples_per_second': 20.391, 'eval_steps_per_second': 2.651, 'epoch': 86.0}
10/04/2024 10:29:23 - INFO - training.trainer_base - ***** Epoch 85: Best results *****
10/04/2024 10:29:23 - INFO - training.trainer_base - best_epoch = 61
10/04/2024 10:29:23 - INFO - training.trainer_base - best_eval_accuracy = 0.91
10/04/2024 10:29:23 - INFO - training.trainer_base - epoch = 85.0
OrderedDict([('best_epoch', 61), ('best_eval_accuracy', 0.91), ('epoch', 86.0)])
10/04/2024 10:30:06 - INFO - datasets.metric - Removing /root/.cache/huggingface/metrics/super_glue/copa/default_experiment-1-0.arrow
{'eval_loss': 0.34465086460113525, 'eval_accuracy': 0.89, 'eval_runtime': 4.8858, 'eval_samples_per_second': 20.467, 'eval_steps_per_second': 2.661, 'epoch': 87.0}
10/04/2024 10:30:06 - INFO - training.trainer_base - ***** Epoch 86: Best results *****
10/04/2024 10:30:06 - INFO - training.trainer_base - best_epoch = 61
10/04/2024 10:30:06 - INFO - training.trainer_base - best_eval_accuracy = 0.91
10/04/2024 10:30:06 - INFO - training.trainer_base - epoch = 86.0
OrderedDict([('best_epoch', 61), ('best_eval_accuracy', 0.91), ('epoch', 87.0)])
10/04/2024 10:30:48 - INFO - datasets.metric - Removing /root/.cache/huggingface/metrics/super_glue/copa/default_experiment-1-0.arrow
{'eval_loss': 0.3634718358516693, 'eval_accuracy': 0.89, 'eval_runtime': 4.8551, 'eval_samples_per_second': 20.597, 'eval_steps_per_second': 2.678, 'epoch': 88.0}
10/04/2024 10:30:48 - INFO - training.trainer_base - ***** Epoch 87: Best results *****
10/04/2024 10:30:48 - INFO - training.trainer_base - best_epoch = 61
10/04/2024 10:30:48 - INFO - training.trainer_base - best_eval_accuracy = 0.91
10/04/2024 10:30:48 - INFO - training.trainer_base - epoch = 87.0
OrderedDict([('best_epoch', 61), ('best_eval_accuracy', 0.91), ('epoch', 88.0)])
10/04/2024 10:31:30 - INFO - datasets.metric - Removing /root/.cache/huggingface/metrics/super_glue/copa/default_experiment-1-0.arrow
{'eval_loss': 0.3634878396987915, 'eval_accuracy': 0.89, 'eval_runtime': 4.9049, 'eval_samples_per_second': 20.388, 'eval_steps_per_second': 2.65, 'epoch': 89.0}
10/04/2024 10:31:30 - INFO - training.trainer_base - ***** Epoch 88: Best results *****
10/04/2024 10:31:30 - INFO - training.trainer_base - best_epoch = 61
10/04/2024 10:31:30 - INFO - training.trainer_base - best_eval_accuracy = 0.91
10/04/2024 10:31:30 - INFO - training.trainer_base - epoch = 88.0
OrderedDict([('best_epoch', 61), ('best_eval_accuracy', 0.91), ('epoch', 89.0)])
10/04/2024 10:32:13 - INFO - datasets.metric - Removing /root/.cache/huggingface/metrics/super_glue/copa/default_experiment-1-0.arrow
{'eval_loss': 0.3623545467853546, 'eval_accuracy': 0.89, 'eval_runtime': 4.8993, 'eval_samples_per_second': 20.411, 'eval_steps_per_second': 2.653, 'epoch': 90.0}
10/04/2024 10:32:13 - INFO - training.trainer_base - ***** Epoch 89: Best results *****
10/04/2024 10:32:13 - INFO - training.trainer_base - best_epoch = 61
10/04/2024 10:32:13 - INFO - training.trainer_base - best_eval_accuracy = 0.91
10/04/2024 10:32:13 - INFO - training.trainer_base - epoch = 89.0
OrderedDict([('best_epoch', 61), ('best_eval_accuracy', 0.91), ('epoch', 90.0)])
10/04/2024 10:32:55 - INFO - datasets.metric - Removing /root/.cache/huggingface/metrics/super_glue/copa/default_experiment-1-0.arrow
{'eval_loss': 0.3785778284072876, 'eval_accuracy': 0.89, 'eval_runtime': 4.8684, 'eval_samples_per_second': 20.54, 'eval_steps_per_second': 2.67, 'epoch': 91.0}
10/04/2024 10:32:55 - INFO - training.trainer_base - ***** Epoch 90: Best results *****
10/04/2024 10:32:55 - INFO - training.trainer_base - best_epoch = 61
10/04/2024 10:32:55 - INFO - training.trainer_base - best_eval_accuracy = 0.91
10/04/2024 10:32:55 - INFO - training.trainer_base - epoch = 90.0
OrderedDict([('best_epoch', 61), ('best_eval_accuracy', 0.91), ('epoch', 91.0)])
10/04/2024 10:33:37 - INFO - datasets.metric - Removing /root/.cache/huggingface/metrics/super_glue/copa/default_experiment-1-0.arrow
{'eval_loss': 0.3891061544418335, 'eval_accuracy': 0.89, 'eval_runtime': 4.8564, 'eval_samples_per_second': 20.591, 'eval_steps_per_second': 2.677, 'epoch': 92.0}
10/04/2024 10:33:37 - INFO - training.trainer_base - ***** Epoch 91: Best results *****
10/04/2024 10:33:37 - INFO - training.trainer_base - best_epoch = 61
10/04/2024 10:33:37 - INFO - training.trainer_base - best_eval_accuracy = 0.91
10/04/2024 10:33:37 - INFO - training.trainer_base - epoch = 91.0
OrderedDict([('best_epoch', 61), ('best_eval_accuracy', 0.91), ('epoch', 92.0)])
10/04/2024 10:34:20 - INFO - datasets.metric - Removing /root/.cache/huggingface/metrics/super_glue/copa/default_experiment-1-0.arrow
{'eval_loss': 0.39179620146751404, 'eval_accuracy': 0.89, 'eval_runtime': 4.8832, 'eval_samples_per_second': 20.479, 'eval_steps_per_second': 2.662, 'epoch': 93.0}
10/04/2024 10:34:20 - INFO - training.trainer_base - ***** Epoch 92: Best results *****
10/04/2024 10:34:20 - INFO - training.trainer_base - best_epoch = 61
10/04/2024 10:34:20 - INFO - training.trainer_base - best_eval_accuracy = 0.91
10/04/2024 10:34:20 - INFO - training.trainer_base - epoch = 92.0
OrderedDict([('best_epoch', 61), ('best_eval_accuracy', 0.91), ('epoch', 93.0)])
10/04/2024 10:35:02 - INFO - datasets.metric - Removing /root/.cache/huggingface/metrics/super_glue/copa/default_experiment-1-0.arrow
{'eval_loss': 0.41102713346481323, 'eval_accuracy': 0.88, 'eval_runtime': 4.9072, 'eval_samples_per_second': 20.378, 'eval_steps_per_second': 2.649, 'epoch': 94.0}
10/04/2024 10:35:02 - INFO - training.trainer_base - ***** Epoch 93: Best results *****
10/04/2024 10:35:02 - INFO - training.trainer_base - best_epoch = 61
10/04/2024 10:35:02 - INFO - training.trainer_base - best_eval_accuracy = 0.91
10/04/2024 10:35:02 - INFO - training.trainer_base - epoch = 93.0
OrderedDict([('best_epoch', 61), ('best_eval_accuracy', 0.91), ('epoch', 94.0)])
10/04/2024 10:35:45 - INFO - datasets.metric - Removing /root/.cache/huggingface/metrics/super_glue/copa/default_experiment-1-0.arrow
{'eval_loss': 0.4202894866466522, 'eval_accuracy': 0.88, 'eval_runtime': 4.8787, 'eval_samples_per_second': 20.497, 'eval_steps_per_second': 2.665, 'epoch': 95.0}
10/04/2024 10:35:45 - INFO - training.trainer_base - ***** Epoch 94: Best results *****
10/04/2024 10:35:45 - INFO - training.trainer_base - best_epoch = 61
10/04/2024 10:35:45 - INFO - training.trainer_base - best_eval_accuracy = 0.91
10/04/2024 10:35:45 - INFO - training.trainer_base - epoch = 94.0
OrderedDict([('best_epoch', 61), ('best_eval_accuracy', 0.91), ('epoch', 95.0)])
10/04/2024 10:36:27 - INFO - datasets.metric - Removing /root/.cache/huggingface/metrics/super_glue/copa/default_experiment-1-0.arrow
{'eval_loss': 0.43913406133651733, 'eval_accuracy': 0.88, 'eval_runtime': 4.8675, 'eval_samples_per_second': 20.544, 'eval_steps_per_second': 2.671, 'epoch': 96.0}
10/04/2024 10:36:27 - INFO - training.trainer_base - ***** Epoch 95: Best results *****
10/04/2024 10:36:27 - INFO - training.trainer_base - best_epoch = 61
10/04/2024 10:36:27 - INFO - training.trainer_base - best_eval_accuracy = 0.91
10/04/2024 10:36:27 - INFO - training.trainer_base - epoch = 95.0
OrderedDict([('best_epoch', 61), ('best_eval_accuracy', 0.91), ('epoch', 96.0)])
10/04/2024 10:37:09 - INFO - datasets.metric - Removing /root/.cache/huggingface/metrics/super_glue/copa/default_experiment-1-0.arrow
{'eval_loss': 0.4331727623939514, 'eval_accuracy': 0.88, 'eval_runtime': 4.8679, 'eval_samples_per_second': 20.543, 'eval_steps_per_second': 2.671, 'epoch': 97.0}
10/04/2024 10:37:09 - INFO - training.trainer_base - ***** Epoch 96: Best results *****
10/04/2024 10:37:09 - INFO - training.trainer_base - best_epoch = 61
10/04/2024 10:37:09 - INFO - training.trainer_base - best_eval_accuracy = 0.91
10/04/2024 10:37:09 - INFO - training.trainer_base - epoch = 96.0
OrderedDict([('best_epoch', 61), ('best_eval_accuracy', 0.91), ('epoch', 97.0)])
10/04/2024 10:37:51 - INFO - datasets.metric - Removing /root/.cache/huggingface/metrics/super_glue/copa/default_experiment-1-0.arrow
{'eval_loss': 0.42586982250213623, 'eval_accuracy': 0.87, 'eval_runtime': 4.9068, 'eval_samples_per_second': 20.38, 'eval_steps_per_second': 2.649, 'epoch': 98.0}
10/04/2024 10:37:51 - INFO - training.trainer_base - ***** Epoch 97: Best results *****
10/04/2024 10:37:51 - INFO - training.trainer_base - best_epoch = 61
10/04/2024 10:37:51 - INFO - training.trainer_base - best_eval_accuracy = 0.91
10/04/2024 10:37:51 - INFO - training.trainer_base - epoch = 97.0
OrderedDict([('best_epoch', 61), ('best_eval_accuracy', 0.91), ('epoch', 98.0)])
10/04/2024 10:38:34 - INFO - datasets.metric - Removing /root/.cache/huggingface/metrics/super_glue/copa/default_experiment-1-0.arrow
{'eval_loss': 0.4307236969470978, 'eval_accuracy': 0.87, 'eval_runtime': 4.8895, 'eval_samples_per_second': 20.452, 'eval_steps_per_second': 2.659, 'epoch': 99.0}
10/04/2024 10:38:34 - INFO - training.trainer_base - ***** Epoch 98: Best results *****
10/04/2024 10:38:34 - INFO - training.trainer_base - best_epoch = 61
10/04/2024 10:38:34 - INFO - training.trainer_base - best_eval_accuracy = 0.91
10/04/2024 10:38:34 - INFO - training.trainer_base - epoch = 98.0
OrderedDict([('best_epoch', 61), ('best_eval_accuracy', 0.91), ('epoch', 99.0)])
{'loss': 0.0253, 'learning_rate': 0.0014999999999999998, 'epoch': 100.0}
10/04/2024 10:39:16 - INFO - datasets.metric - Removing /root/.cache/huggingface/metrics/super_glue/copa/default_experiment-1-0.arrow
{'eval_loss': 0.43399855494499207, 'eval_accuracy': 0.87, 'eval_runtime': 4.888, 'eval_samples_per_second': 20.458, 'eval_steps_per_second': 2.66, 'epoch': 100.0}
10/04/2024 10:39:16 - INFO - training.trainer_base - ***** Epoch 99: Best results *****
10/04/2024 10:39:16 - INFO - training.trainer_base - best_epoch = 61
10/04/2024 10:39:16 - INFO - training.trainer_base - best_eval_accuracy = 0.91
10/04/2024 10:39:16 - INFO - training.trainer_base - epoch = 99.0
OrderedDict([('best_epoch', 61), ('best_eval_accuracy', 0.91), ('epoch', 100.0)])
10/04/2024 10:39:59 - INFO - datasets.metric - Removing /root/.cache/huggingface/metrics/super_glue/copa/default_experiment-1-0.arrow
{'eval_loss': 0.44148486852645874, 'eval_accuracy': 0.86, 'eval_runtime': 4.8836, 'eval_samples_per_second': 20.477, 'eval_steps_per_second': 2.662, 'epoch': 101.0}
10/04/2024 10:39:59 - INFO - training.trainer_base - ***** Epoch 100: Best results *****
10/04/2024 10:39:59 - INFO - training.trainer_base - best_epoch = 61
10/04/2024 10:39:59 - INFO - training.trainer_base - best_eval_accuracy = 0.91
10/04/2024 10:39:59 - INFO - training.trainer_base - epoch = 100.0
OrderedDict([('best_epoch', 61), ('best_eval_accuracy', 0.91), ('epoch', 101.0)])
10/04/2024 10:40:41 - INFO - datasets.metric - Removing /root/.cache/huggingface/metrics/super_glue/copa/default_experiment-1-0.arrow
{'eval_loss': 0.44226741790771484, 'eval_accuracy': 0.87, 'eval_runtime': 4.8911, 'eval_samples_per_second': 20.445, 'eval_steps_per_second': 2.658, 'epoch': 102.0}
10/04/2024 10:40:41 - INFO - training.trainer_base - ***** Epoch 101: Best results *****
10/04/2024 10:40:41 - INFO - training.trainer_base - best_epoch = 61
10/04/2024 10:40:41 - INFO - training.trainer_base - best_eval_accuracy = 0.91
10/04/2024 10:40:41 - INFO - training.trainer_base - epoch = 101.0
OrderedDict([('best_epoch', 61), ('best_eval_accuracy', 0.91), ('epoch', 102.0)])
10/04/2024 10:41:24 - INFO - datasets.metric - Removing /root/.cache/huggingface/metrics/super_glue/copa/default_experiment-1-0.arrow
{'eval_loss': 0.4329475462436676, 'eval_accuracy': 0.86, 'eval_runtime': 4.8841, 'eval_samples_per_second': 20.475, 'eval_steps_per_second': 2.662, 'epoch': 103.0}
10/04/2024 10:41:24 - INFO - training.trainer_base - ***** Epoch 102: Best results *****
10/04/2024 10:41:24 - INFO - training.trainer_base - best_epoch = 61
10/04/2024 10:41:24 - INFO - training.trainer_base - best_eval_accuracy = 0.91
10/04/2024 10:41:24 - INFO - training.trainer_base - epoch = 102.0
OrderedDict([('best_epoch', 61), ('best_eval_accuracy', 0.91), ('epoch', 103.0)])
10/04/2024 10:42:06 - INFO - datasets.metric - Removing /root/.cache/huggingface/metrics/super_glue/copa/default_experiment-1-0.arrow
{'eval_loss': 0.4225589334964752, 'eval_accuracy': 0.88, 'eval_runtime': 4.8922, 'eval_samples_per_second': 20.441, 'eval_steps_per_second': 2.657, 'epoch': 104.0}
10/04/2024 10:42:06 - INFO - training.trainer_base - ***** Epoch 103: Best results *****
10/04/2024 10:42:06 - INFO - training.trainer_base - best_epoch = 61
10/04/2024 10:42:06 - INFO - training.trainer_base - best_eval_accuracy = 0.91
10/04/2024 10:42:06 - INFO - training.trainer_base - epoch = 103.0
OrderedDict([('best_epoch', 61), ('best_eval_accuracy', 0.91), ('epoch', 104.0)])
10/04/2024 10:42:48 - INFO - datasets.metric - Removing /root/.cache/huggingface/metrics/super_glue/copa/default_experiment-1-0.arrow
{'eval_loss': 0.4286508560180664, 'eval_accuracy': 0.88, 'eval_runtime': 4.882, 'eval_samples_per_second': 20.483, 'eval_steps_per_second': 2.663, 'epoch': 105.0}
10/04/2024 10:42:48 - INFO - training.trainer_base - ***** Epoch 104: Best results *****
10/04/2024 10:42:48 - INFO - training.trainer_base - best_epoch = 61
10/04/2024 10:42:48 - INFO - training.trainer_base - best_eval_accuracy = 0.91
10/04/2024 10:42:48 - INFO - training.trainer_base - epoch = 104.0
OrderedDict([('best_epoch', 61), ('best_eval_accuracy', 0.91), ('epoch', 105.0)])
10/04/2024 10:43:31 - INFO - datasets.metric - Removing /root/.cache/huggingface/metrics/super_glue/copa/default_experiment-1-0.arrow
{'eval_loss': 0.43277400732040405, 'eval_accuracy': 0.87, 'eval_runtime': 4.8795, 'eval_samples_per_second': 20.494, 'eval_steps_per_second': 2.664, 'epoch': 106.0}
10/04/2024 10:43:31 - INFO - training.trainer_base - ***** Epoch 105: Best results *****
10/04/2024 10:43:31 - INFO - training.trainer_base - best_epoch = 61
10/04/2024 10:43:31 - INFO - training.trainer_base - best_eval_accuracy = 0.91
10/04/2024 10:43:31 - INFO - training.trainer_base - epoch = 105.0
OrderedDict([('best_epoch', 61), ('best_eval_accuracy', 0.91), ('epoch', 106.0)])
10/04/2024 10:44:13 - INFO - datasets.metric - Removing /root/.cache/huggingface/metrics/super_glue/copa/default_experiment-1-0.arrow
{'eval_loss': 0.4302092492580414, 'eval_accuracy': 0.87, 'eval_runtime': 4.8763, 'eval_samples_per_second': 20.507, 'eval_steps_per_second': 2.666, 'epoch': 107.0}
10/04/2024 10:44:13 - INFO - training.trainer_base - ***** Epoch 106: Best results *****
10/04/2024 10:44:13 - INFO - training.trainer_base - best_epoch = 61
10/04/2024 10:44:13 - INFO - training.trainer_base - best_eval_accuracy = 0.91
10/04/2024 10:44:13 - INFO - training.trainer_base - epoch = 106.0
OrderedDict([('best_epoch', 61), ('best_eval_accuracy', 0.91), ('epoch', 107.0)])
10/04/2024 10:44:55 - INFO - datasets.metric - Removing /root/.cache/huggingface/metrics/super_glue/copa/default_experiment-1-0.arrow
{'eval_loss': 0.43511074781417847, 'eval_accuracy': 0.87, 'eval_runtime': 4.8896, 'eval_samples_per_second': 20.451, 'eval_steps_per_second': 2.659, 'epoch': 108.0}
10/04/2024 10:44:55 - INFO - training.trainer_base - ***** Epoch 107: Best results *****
10/04/2024 10:44:55 - INFO - training.trainer_base - best_epoch = 61
10/04/2024 10:44:55 - INFO - training.trainer_base - best_eval_accuracy = 0.91
10/04/2024 10:44:55 - INFO - training.trainer_base - epoch = 107.0
OrderedDict([('best_epoch', 61), ('best_eval_accuracy', 0.91), ('epoch', 108.0)])
10/04/2024 10:45:38 - INFO - datasets.metric - Removing /root/.cache/huggingface/metrics/super_glue/copa/default_experiment-1-0.arrow
{'eval_loss': 0.4160565435886383, 'eval_accuracy': 0.88, 'eval_runtime': 4.8814, 'eval_samples_per_second': 20.486, 'eval_steps_per_second': 2.663, 'epoch': 109.0}
10/04/2024 10:45:38 - INFO - training.trainer_base - ***** Epoch 108: Best results *****
10/04/2024 10:45:38 - INFO - training.trainer_base - best_epoch = 61
10/04/2024 10:45:38 - INFO - training.trainer_base - best_eval_accuracy = 0.91
10/04/2024 10:45:38 - INFO - training.trainer_base - epoch = 108.0
OrderedDict([('best_epoch', 61), ('best_eval_accuracy', 0.91), ('epoch', 109.0)])
10/04/2024 10:46:20 - INFO - datasets.metric - Removing /root/.cache/huggingface/metrics/super_glue/copa/default_experiment-1-0.arrow
{'eval_loss': 0.4145345985889435, 'eval_accuracy': 0.88, 'eval_runtime': 4.8828, 'eval_samples_per_second': 20.48, 'eval_steps_per_second': 2.662, 'epoch': 110.0}
10/04/2024 10:46:20 - INFO - training.trainer_base - ***** Epoch 109: Best results *****
10/04/2024 10:46:20 - INFO - training.trainer_base - best_epoch = 61
10/04/2024 10:46:20 - INFO - training.trainer_base - best_eval_accuracy = 0.91
10/04/2024 10:46:20 - INFO - training.trainer_base - epoch = 109.0
OrderedDict([('best_epoch', 61), ('best_eval_accuracy', 0.91), ('epoch', 110.0)])
10/04/2024 10:47:02 - INFO - datasets.metric - Removing /root/.cache/huggingface/metrics/super_glue/copa/default_experiment-1-0.arrow
{'eval_loss': 0.41174980998039246, 'eval_accuracy': 0.88, 'eval_runtime': 4.8546, 'eval_samples_per_second': 20.599, 'eval_steps_per_second': 2.678, 'epoch': 111.0}
10/04/2024 10:47:02 - INFO - training.trainer_base - ***** Epoch 110: Best results *****
10/04/2024 10:47:02 - INFO - training.trainer_base - best_epoch = 61
10/04/2024 10:47:02 - INFO - training.trainer_base - best_eval_accuracy = 0.91
10/04/2024 10:47:02 - INFO - training.trainer_base - epoch = 110.0
OrderedDict([('best_epoch', 61), ('best_eval_accuracy', 0.91), ('epoch', 111.0)])
10/04/2024 10:47:45 - INFO - datasets.metric - Removing /root/.cache/huggingface/metrics/super_glue/copa/default_experiment-1-0.arrow
{'eval_loss': 0.4180665612220764, 'eval_accuracy': 0.88, 'eval_runtime': 4.8786, 'eval_samples_per_second': 20.498, 'eval_steps_per_second': 2.665, 'epoch': 112.0}
10/04/2024 10:47:45 - INFO - training.trainer_base - ***** Epoch 111: Best results *****
10/04/2024 10:47:45 - INFO - training.trainer_base - best_epoch = 61
10/04/2024 10:47:45 - INFO - training.trainer_base - best_eval_accuracy = 0.91
10/04/2024 10:47:45 - INFO - training.trainer_base - epoch = 111.0
OrderedDict([('best_epoch', 61), ('best_eval_accuracy', 0.91), ('epoch', 112.0)])
10/04/2024 10:48:27 - INFO - datasets.metric - Removing /root/.cache/huggingface/metrics/super_glue/copa/default_experiment-1-0.arrow
{'eval_loss': 0.4195009171962738, 'eval_accuracy': 0.87, 'eval_runtime': 4.8782, 'eval_samples_per_second': 20.5, 'eval_steps_per_second': 2.665, 'epoch': 113.0}
10/04/2024 10:48:27 - INFO - training.trainer_base - ***** Epoch 112: Best results *****
10/04/2024 10:48:27 - INFO - training.trainer_base - best_epoch = 61
10/04/2024 10:48:27 - INFO - training.trainer_base - best_eval_accuracy = 0.91
10/04/2024 10:48:27 - INFO - training.trainer_base - epoch = 112.0
OrderedDict([('best_epoch', 61), ('best_eval_accuracy', 0.91), ('epoch', 113.0)])
10/04/2024 10:49:09 - INFO - datasets.metric - Removing /root/.cache/huggingface/metrics/super_glue/copa/default_experiment-1-0.arrow
{'eval_loss': 0.4191161096096039, 'eval_accuracy': 0.88, 'eval_runtime': 4.8817, 'eval_samples_per_second': 20.485, 'eval_steps_per_second': 2.663, 'epoch': 114.0}
10/04/2024 10:49:09 - INFO - training.trainer_base - ***** Epoch 113: Best results *****
10/04/2024 10:49:09 - INFO - training.trainer_base - best_epoch = 61
10/04/2024 10:49:09 - INFO - training.trainer_base - best_eval_accuracy = 0.91
10/04/2024 10:49:09 - INFO - training.trainer_base - epoch = 113.0
OrderedDict([('best_epoch', 61), ('best_eval_accuracy', 0.91), ('epoch', 114.0)])
10/04/2024 10:49:52 - INFO - datasets.metric - Removing /root/.cache/huggingface/metrics/super_glue/copa/default_experiment-1-0.arrow
{'eval_loss': 0.4222817122936249, 'eval_accuracy': 0.88, 'eval_runtime': 4.8686, 'eval_samples_per_second': 20.54, 'eval_steps_per_second': 2.67, 'epoch': 115.0}
10/04/2024 10:49:52 - INFO - training.trainer_base - ***** Epoch 114: Best results *****
10/04/2024 10:49:52 - INFO - training.trainer_base - best_epoch = 61
10/04/2024 10:49:52 - INFO - training.trainer_base - best_eval_accuracy = 0.91
10/04/2024 10:49:52 - INFO - training.trainer_base - epoch = 114.0
OrderedDict([('best_epoch', 61), ('best_eval_accuracy', 0.91), ('epoch', 115.0)])
10/04/2024 10:50:34 - INFO - datasets.metric - Removing /root/.cache/huggingface/metrics/super_glue/copa/default_experiment-1-0.arrow
{'eval_loss': 0.4210876524448395, 'eval_accuracy': 0.87, 'eval_runtime': 4.869, 'eval_samples_per_second': 20.538, 'eval_steps_per_second': 2.67, 'epoch': 116.0}
10/04/2024 10:50:34 - INFO - training.trainer_base - ***** Epoch 115: Best results *****
10/04/2024 10:50:34 - INFO - training.trainer_base - best_epoch = 61
10/04/2024 10:50:34 - INFO - training.trainer_base - best_eval_accuracy = 0.91
10/04/2024 10:50:34 - INFO - training.trainer_base - epoch = 115.0
OrderedDict([('best_epoch', 61), ('best_eval_accuracy', 0.91), ('epoch', 116.0)])
10/04/2024 10:51:16 - INFO - datasets.metric - Removing /root/.cache/huggingface/metrics/super_glue/copa/default_experiment-1-0.arrow
{'eval_loss': 0.411532998085022, 'eval_accuracy': 0.88, 'eval_runtime': 4.8764, 'eval_samples_per_second': 20.507, 'eval_steps_per_second': 2.666, 'epoch': 117.0}
10/04/2024 10:51:16 - INFO - training.trainer_base - ***** Epoch 116: Best results *****
10/04/2024 10:51:16 - INFO - training.trainer_base - best_epoch = 61
10/04/2024 10:51:16 - INFO - training.trainer_base - best_eval_accuracy = 0.91
10/04/2024 10:51:16 - INFO - training.trainer_base - epoch = 116.0
OrderedDict([('best_epoch', 61), ('best_eval_accuracy', 0.91), ('epoch', 117.0)])
10/04/2024 10:51:59 - INFO - datasets.metric - Removing /root/.cache/huggingface/metrics/super_glue/copa/default_experiment-1-0.arrow
{'eval_loss': 0.41061946749687195, 'eval_accuracy': 0.88, 'eval_runtime': 4.8802, 'eval_samples_per_second': 20.491, 'eval_steps_per_second': 2.664, 'epoch': 118.0}
10/04/2024 10:51:59 - INFO - training.trainer_base - ***** Epoch 117: Best results *****
10/04/2024 10:51:59 - INFO - training.trainer_base - best_epoch = 61
10/04/2024 10:51:59 - INFO - training.trainer_base - best_eval_accuracy = 0.91
10/04/2024 10:51:59 - INFO - training.trainer_base - epoch = 117.0
OrderedDict([('best_epoch', 61), ('best_eval_accuracy', 0.91), ('epoch', 118.0)])
10/04/2024 10:52:41 - INFO - datasets.metric - Removing /root/.cache/huggingface/metrics/super_glue/copa/default_experiment-1-0.arrow
{'eval_loss': 0.41114604473114014, 'eval_accuracy': 0.89, 'eval_runtime': 4.8834, 'eval_samples_per_second': 20.478, 'eval_steps_per_second': 2.662, 'epoch': 119.0}
10/04/2024 10:52:41 - INFO - training.trainer_base - ***** Epoch 118: Best results *****
10/04/2024 10:52:41 - INFO - training.trainer_base - best_epoch = 61
10/04/2024 10:52:41 - INFO - training.trainer_base - best_eval_accuracy = 0.91
10/04/2024 10:52:41 - INFO - training.trainer_base - epoch = 118.0
OrderedDict([('best_epoch', 61), ('best_eval_accuracy', 0.91), ('epoch', 119.0)])
{'loss': 0.0216, 'learning_rate': 0.0, 'epoch': 120.0}
10/04/2024 10:53:23 - INFO - datasets.metric - Removing /root/.cache/huggingface/metrics/super_glue/copa/default_experiment-1-0.arrow
{'eval_loss': 0.41124939918518066, 'eval_accuracy': 0.89, 'eval_runtime': 4.8651, 'eval_samples_per_second': 20.554, 'eval_steps_per_second': 2.672, 'epoch': 120.0}
10/04/2024 10:53:23 - INFO - training.trainer_base - ***** Epoch 119: Best results *****
10/04/2024 10:53:23 - INFO - training.trainer_base - best_epoch = 61
10/04/2024 10:53:23 - INFO - training.trainer_base - best_eval_accuracy = 0.91
10/04/2024 10:53:23 - INFO - training.trainer_base - epoch = 119.0
OrderedDict([('best_epoch', 61), ('best_eval_accuracy', 0.91), ('epoch', 120.0)])
{'train_runtime': 5084.519, 'train_samples_per_second': 9.44, 'train_steps_per_second': 0.59, 'train_loss': 0.20400844192504883, 'epoch': 120.0}
***** train metrics *****
  epoch                    =      120.0
  train_loss               =      0.204
  train_runtime            = 1:24:44.51
  train_samples_per_second =       9.44
  train_steps_per_second   =       0.59
***** best metrics *****
  best_epoch         =    61
  best_eval_accuracy =  0.91
  epoch              = 120.0
Start evaluate
10/04/2024 10:53:23 - INFO - __main__ - *** Evaluate ***
10/04/2024 10:53:28 - INFO - datasets.metric - Removing /root/.cache/huggingface/metrics/super_glue/copa/default_experiment-1-0.arrow
***** eval metrics *****
  epoch                   =      120.0
  eval_accuracy           =       0.89
  eval_loss               =     0.4112
  eval_runtime            = 0:00:04.86
  eval_samples_per_second =     20.565
  eval_steps_per_second   =      2.673
